This file contains any messages produced by compilers while
running configure, to aid debugging if configure makes a mistake.

It was created by configure, which was
generated by GNU Autoconf 2.69.  Invocation command line was

  $ ./configure --disable-option-checking --prefix=/usr/local --cache-file=/dev/null --srcdir=.

## --------- ##
## Platform. ##
## --------- ##

hostname = wuleideMacBook-Pro.local
uname -m = x86_64
uname -r = 15.0.0
uname -s = Darwin
uname -v = Darwin Kernel Version 15.0.0: Wed Aug 26 16:57:32 PDT 2015; root:xnu-3247.1.106~1/RELEASE_X86_64

/usr/bin/uname -p = i386
/bin/uname -X     = unknown

/bin/arch              = unknown
/usr/bin/arch -k       = unknown
/usr/convex/getsysinfo = unknown
/usr/bin/hostinfo      = Mach kernel version:
	 Darwin Kernel Version 15.0.0: Wed Aug 26 16:57:32 PDT 2015; root:xnu-3247.1.106~1/RELEASE_X86_64
Kernel configured for up to 4 processors.
2 processors are physically available.
4 processors are logically available.
Processor type: x86_64h (Intel x86-64h Haswell)
Processors active: 0 1 2 3
Primary memory available: 16.00 gigabytes
Default processor set: 287 tasks, 1297 threads, 4 processors
Load average: 1.96, Mach factor: 2.05
/bin/machine           = unknown
/usr/bin/oslevel       = unknown
/bin/universe          = unknown

PATH: /usr/local/bin
PATH: /usr/bin
PATH: /bin
PATH: /usr/sbin
PATH: /sbin


## ----------- ##
## Core tests. ##
## ----------- ##

configure:2363: checking build system type
configure:2377: result: x86_64-apple-darwin15.0.0
configure:2397: checking host system type
configure:2410: result: x86_64-apple-darwin15.0.0
configure:2501: checking for gcc
configure:2517: found /usr/bin/gcc
configure:2528: result: gcc
configure:2757: checking for C compiler version
configure:2766: gcc --version >&5
Apple LLVM version 7.0.2 (clang-700.1.81)
Target: x86_64-apple-darwin15.0.0
Thread model: posix
Configured with: --prefix=/Applications/Xcode.app/Contents/Developer/usr --with-gxx-include-dir=/usr/include/c++/4.2.1
configure:2777: $? = 0
configure:2766: gcc -v >&5
Configured with: --prefix=/Applications/Xcode.app/Contents/Developer/usr --with-gxx-include-dir=/usr/include/c++/4.2.1
Apple LLVM version 7.0.2 (clang-700.1.81)
Target: x86_64-apple-darwin15.0.0
Thread model: posix
configure:2777: $? = 0
configure:2766: gcc -V >&5
clang: error: argument to '-V' is missing (expected 1 value)
clang: error: no input files
configure:2777: $? = 1
configure:2766: gcc -qversion >&5
clang: error: unknown argument: '-qversion'
clang: error: no input files
configure:2777: $? = 1
configure:2797: checking whether the C compiler works
configure:2819: gcc    conftest.c  >&5
configure:2823: $? = 0
configure:2871: result: yes
configure:2874: checking for C compiler default output file name
configure:2876: result: a.out
configure:2882: checking for suffix of executables
configure:2889: gcc -o conftest    conftest.c  >&5
configure:2893: $? = 0
configure:2915: result: 
configure:2937: checking whether we are cross compiling
configure:2945: gcc -o conftest    conftest.c  >&5
configure:2949: $? = 0
configure:2956: ./conftest
configure:2960: $? = 0
configure:2975: result: no
configure:2980: checking for suffix of object files
configure:3002: gcc -c   conftest.c >&5
configure:3006: $? = 0
configure:3027: result: o
configure:3031: checking whether we are using the GNU C compiler
configure:3050: gcc -c   conftest.c >&5
configure:3050: $? = 0
configure:3059: result: yes
configure:3068: checking whether gcc accepts -g
configure:3088: gcc -c -g  conftest.c >&5
configure:3088: $? = 0
configure:3129: result: yes
configure:3146: checking for gcc option to accept ISO C89
configure:3209: gcc  -c -g -O2  conftest.c >&5
configure:3209: $? = 0
configure:3222: result: none needed
configure:3259: checking for a BSD-compatible install
configure:3327: result: /usr/bin/install -c
configure:3385: checking for strip
configure:3403: found /usr/bin/strip
configure:3415: result: /usr/bin/strip
configure:3445: checking how to run the C preprocessor
configure:3476: gcc -E  conftest.c
configure:3476: $? = 0
configure:3490: gcc -E  conftest.c
conftest.c:9:10: fatal error: 'ac_nonexistent.h' file not found
#include <ac_nonexistent.h>
         ^
1 error generated.
configure:3490: $? = 1
configure: failed program was:
| /* confdefs.h */
| #define PACKAGE_NAME ""
| #define PACKAGE_TARNAME ""
| #define PACKAGE_VERSION ""
| #define PACKAGE_STRING ""
| #define PACKAGE_BUGREPORT ""
| #define PACKAGE_URL ""
| /* end confdefs.h.  */
| #include <ac_nonexistent.h>
configure:3515: result: gcc -E
configure:3535: gcc -E  conftest.c
configure:3535: $? = 0
configure:3549: gcc -E  conftest.c
conftest.c:9:10: fatal error: 'ac_nonexistent.h' file not found
#include <ac_nonexistent.h>
         ^
1 error generated.
configure:3549: $? = 1
configure: failed program was:
| /* confdefs.h */
| #define PACKAGE_NAME ""
| #define PACKAGE_TARNAME ""
| #define PACKAGE_VERSION ""
| #define PACKAGE_STRING ""
| #define PACKAGE_BUGREPORT ""
| #define PACKAGE_URL ""
| /* end confdefs.h.  */
| #include <ac_nonexistent.h>
configure:3578: checking for grep that handles long lines and -e
configure:3636: result: /usr/bin/grep
configure:3641: checking for egrep
configure:3703: result: /usr/bin/grep -E
configure:3708: checking for ANSI C header files
configure:3728: gcc -c -g -O2 -Wall  conftest.c >&5
configure:3728: $? = 0
configure:3801: gcc -o conftest -g -O2 -Wall   conftest.c  >&5
configure:3801: $? = 0
configure:3801: ./conftest
configure:3801: $? = 0
configure:3812: result: yes
configure:3820: checking for sys/wait.h that is POSIX.1 compatible
configure:3846: gcc -c -g -O2 -Wall  conftest.c >&5
configure:3846: $? = 0
configure:3853: result: yes
configure:3866: checking for sys/types.h
configure:3866: gcc -c -g -O2 -Wall  conftest.c >&5
configure:3866: $? = 0
configure:3866: result: yes
configure:3866: checking for sys/stat.h
configure:3866: gcc -c -g -O2 -Wall  conftest.c >&5
configure:3866: $? = 0
configure:3866: result: yes
configure:3866: checking for stdlib.h
configure:3866: gcc -c -g -O2 -Wall  conftest.c >&5
configure:3866: $? = 0
configure:3866: result: yes
configure:3866: checking for string.h
configure:3866: gcc -c -g -O2 -Wall  conftest.c >&5
configure:3866: $? = 0
configure:3866: result: yes
configure:3866: checking for memory.h
configure:3866: gcc -c -g -O2 -Wall  conftest.c >&5
configure:3866: $? = 0
configure:3866: result: yes
configure:3866: checking for strings.h
configure:3866: gcc -c -g -O2 -Wall  conftest.c >&5
configure:3866: $? = 0
configure:3866: result: yes
configure:3866: checking for inttypes.h
configure:3866: gcc -c -g -O2 -Wall  conftest.c >&5
configure:3866: $? = 0
configure:3866: result: yes
configure:3866: checking for stdint.h
configure:3866: gcc -c -g -O2 -Wall  conftest.c >&5
configure:3866: $? = 0
configure:3866: result: yes
configure:3866: checking for unistd.h
configure:3866: gcc -c -g -O2 -Wall  conftest.c >&5
configure:3866: $? = 0
configure:3866: result: yes
configure:3881: checking fcntl.h usability
configure:3881: gcc -c -g -O2 -Wall  conftest.c >&5
configure:3881: $? = 0
configure:3881: result: yes
configure:3881: checking fcntl.h presence
configure:3881: gcc -E  conftest.c
configure:3881: $? = 0
configure:3881: result: yes
configure:3881: checking for fcntl.h
configure:3881: result: yes
configure:3881: checking limits.h usability
configure:3881: gcc -c -g -O2 -Wall  conftest.c >&5
configure:3881: $? = 0
configure:3881: result: yes
configure:3881: checking limits.h presence
configure:3881: gcc -E  conftest.c
configure:3881: $? = 0
configure:3881: result: yes
configure:3881: checking for limits.h
configure:3881: result: yes
configure:3881: checking netdb.h usability
configure:3881: gcc -c -g -O2 -Wall  conftest.c >&5
configure:3881: $? = 0
configure:3881: result: yes
configure:3881: checking netdb.h presence
configure:3881: gcc -E  conftest.c
configure:3881: $? = 0
configure:3881: result: yes
configure:3881: checking for netdb.h
configure:3881: result: yes
configure:3881: checking netinet/in.h usability
configure:3881: gcc -c -g -O2 -Wall  conftest.c >&5
configure:3881: $? = 0
configure:3881: result: yes
configure:3881: checking netinet/in.h presence
configure:3881: gcc -E  conftest.c
configure:3881: $? = 0
configure:3881: result: yes
configure:3881: checking for netinet/in.h
configure:3881: result: yes
configure:3881: checking for stdlib.h
configure:3881: result: yes
configure:3881: checking for string.h
configure:3881: result: yes
configure:3881: checking for strings.h
configure:3881: result: yes
configure:3881: checking sys/param.h usability
configure:3881: gcc -c -g -O2 -Wall  conftest.c >&5
configure:3881: $? = 0
configure:3881: result: yes
configure:3881: checking sys/param.h presence
configure:3881: gcc -E  conftest.c
configure:3881: $? = 0
configure:3881: result: yes
configure:3881: checking for sys/param.h
configure:3881: result: yes
configure:3881: checking sys/socket.h usability
configure:3881: gcc -c -g -O2 -Wall  conftest.c >&5
configure:3881: $? = 0
configure:3881: result: yes
configure:3881: checking sys/socket.h presence
configure:3881: gcc -E  conftest.c
configure:3881: $? = 0
configure:3881: result: yes
configure:3881: checking for sys/socket.h
configure:3881: result: yes
configure:3881: checking sys/time.h usability
configure:3881: gcc -c -g -O2 -Wall  conftest.c >&5
configure:3881: $? = 0
configure:3881: result: yes
configure:3881: checking sys/time.h presence
configure:3881: gcc -E  conftest.c
configure:3881: $? = 0
configure:3881: result: yes
configure:3881: checking for sys/time.h
configure:3881: result: yes
configure:3881: checking sys/timeb.h usability
configure:3881: gcc -c -g -O2 -Wall  conftest.c >&5
configure:3881: $? = 0
configure:3881: result: yes
configure:3881: checking sys/timeb.h presence
configure:3881: gcc -E  conftest.c
configure:3881: $? = 0
configure:3881: result: yes
configure:3881: checking for sys/timeb.h
configure:3881: result: yes
configure:3881: checking for unistd.h
configure:3881: result: yes
configure:3881: checking sys/un.h usability
configure:3881: gcc -c -g -O2 -Wall  conftest.c >&5
configure:3881: $? = 0
configure:3881: result: yes
configure:3881: checking sys/un.h presence
configure:3881: gcc -E  conftest.c
configure:3881: $? = 0
configure:3881: result: yes
configure:3881: checking for sys/un.h
configure:3881: result: yes
configure:3893: checking whether stat file-mode macros are broken
configure:3920: gcc -c -g -O2 -Wall  conftest.c >&5
configure:3920: $? = 0
configure:3927: result: no
configure:3935: checking for an ANSI C-conforming const
configure:4001: gcc -c -g -O2 -Wall  conftest.c >&5
configure:4001: $? = 0
configure:4008: result: yes
configure:4016: checking whether time.h and sys/time.h may both be included
configure:4036: gcc -c -g -O2 -Wall  conftest.c >&5
configure:4036: $? = 0
configure:4043: result: yes
configure:4053: checking for pid_t
configure:4053: gcc -c -g -O2 -Wall  conftest.c >&5
configure:4053: $? = 0
configure:4053: gcc -c -g -O2 -Wall  conftest.c >&5
conftest.c:70:20: error: expected expression
if (sizeof ((pid_t)))
                   ^
1 error generated.
configure:4053: $? = 1
configure: failed program was:
| /* confdefs.h */
| #define PACKAGE_NAME ""
| #define PACKAGE_TARNAME ""
| #define PACKAGE_VERSION ""
| #define PACKAGE_STRING ""
| #define PACKAGE_BUGREPORT ""
| #define PACKAGE_URL ""
| #define STDC_HEADERS 1
| #define HAVE_SYS_WAIT_H 1
| #define HAVE_SYS_TYPES_H 1
| #define HAVE_SYS_STAT_H 1
| #define HAVE_STDLIB_H 1
| #define HAVE_STRING_H 1
| #define HAVE_MEMORY_H 1
| #define HAVE_STRINGS_H 1
| #define HAVE_INTTYPES_H 1
| #define HAVE_STDINT_H 1
| #define HAVE_UNISTD_H 1
| #define HAVE_FCNTL_H 1
| #define HAVE_LIMITS_H 1
| #define HAVE_NETDB_H 1
| #define HAVE_NETINET_IN_H 1
| #define HAVE_STDLIB_H 1
| #define HAVE_STRING_H 1
| #define HAVE_STRINGS_H 1
| #define HAVE_SYS_PARAM_H 1
| #define HAVE_SYS_SOCKET_H 1
| #define HAVE_SYS_TIME_H 1
| #define HAVE_SYS_TIMEB_H 1
| #define HAVE_UNISTD_H 1
| #define HAVE_SYS_UN_H 1
| #define TIME_WITH_SYS_TIME 1
| /* end confdefs.h.  */
| #include <stdio.h>
| #ifdef HAVE_SYS_TYPES_H
| # include <sys/types.h>
| #endif
| #ifdef HAVE_SYS_STAT_H
| # include <sys/stat.h>
| #endif
| #ifdef STDC_HEADERS
| # include <stdlib.h>
| # include <stddef.h>
| #else
| # ifdef HAVE_STDLIB_H
| #  include <stdlib.h>
| # endif
| #endif
| #ifdef HAVE_STRING_H
| # if !defined STDC_HEADERS && defined HAVE_MEMORY_H
| #  include <memory.h>
| # endif
| # include <string.h>
| #endif
| #ifdef HAVE_STRINGS_H
| # include <strings.h>
| #endif
| #ifdef HAVE_INTTYPES_H
| # include <inttypes.h>
| #endif
| #ifdef HAVE_STDINT_H
| # include <stdint.h>
| #endif
| #ifdef HAVE_UNISTD_H
| # include <unistd.h>
| #endif
| int
| main ()
| {
| if (sizeof ((pid_t)))
| 	    return 0;
|   ;
|   return 0;
| }
configure:4053: result: yes
configure:4066: checking vfork.h usability
configure:4066: gcc -c -g -O2 -Wall  conftest.c >&5
conftest.c:67:10: fatal error: 'vfork.h' file not found
#include <vfork.h>
         ^
1 error generated.
configure:4066: $? = 1
configure: failed program was:
| /* confdefs.h */
| #define PACKAGE_NAME ""
| #define PACKAGE_TARNAME ""
| #define PACKAGE_VERSION ""
| #define PACKAGE_STRING ""
| #define PACKAGE_BUGREPORT ""
| #define PACKAGE_URL ""
| #define STDC_HEADERS 1
| #define HAVE_SYS_WAIT_H 1
| #define HAVE_SYS_TYPES_H 1
| #define HAVE_SYS_STAT_H 1
| #define HAVE_STDLIB_H 1
| #define HAVE_STRING_H 1
| #define HAVE_MEMORY_H 1
| #define HAVE_STRINGS_H 1
| #define HAVE_INTTYPES_H 1
| #define HAVE_STDINT_H 1
| #define HAVE_UNISTD_H 1
| #define HAVE_FCNTL_H 1
| #define HAVE_LIMITS_H 1
| #define HAVE_NETDB_H 1
| #define HAVE_NETINET_IN_H 1
| #define HAVE_STDLIB_H 1
| #define HAVE_STRING_H 1
| #define HAVE_STRINGS_H 1
| #define HAVE_SYS_PARAM_H 1
| #define HAVE_SYS_SOCKET_H 1
| #define HAVE_SYS_TIME_H 1
| #define HAVE_SYS_TIMEB_H 1
| #define HAVE_UNISTD_H 1
| #define HAVE_SYS_UN_H 1
| #define TIME_WITH_SYS_TIME 1
| /* end confdefs.h.  */
| #include <stdio.h>
| #ifdef HAVE_SYS_TYPES_H
| # include <sys/types.h>
| #endif
| #ifdef HAVE_SYS_STAT_H
| # include <sys/stat.h>
| #endif
| #ifdef STDC_HEADERS
| # include <stdlib.h>
| # include <stddef.h>
| #else
| # ifdef HAVE_STDLIB_H
| #  include <stdlib.h>
| # endif
| #endif
| #ifdef HAVE_STRING_H
| # if !defined STDC_HEADERS && defined HAVE_MEMORY_H
| #  include <memory.h>
| # endif
| # include <string.h>
| #endif
| #ifdef HAVE_STRINGS_H
| # include <strings.h>
| #endif
| #ifdef HAVE_INTTYPES_H
| # include <inttypes.h>
| #endif
| #ifdef HAVE_STDINT_H
| # include <stdint.h>
| #endif
| #ifdef HAVE_UNISTD_H
| # include <unistd.h>
| #endif
| #include <vfork.h>
configure:4066: result: no
configure:4066: checking vfork.h presence
configure:4066: gcc -E  conftest.c
conftest.c:34:10: fatal error: 'vfork.h' file not found
#include <vfork.h>
         ^
1 error generated.
configure:4066: $? = 1
configure: failed program was:
| /* confdefs.h */
| #define PACKAGE_NAME ""
| #define PACKAGE_TARNAME ""
| #define PACKAGE_VERSION ""
| #define PACKAGE_STRING ""
| #define PACKAGE_BUGREPORT ""
| #define PACKAGE_URL ""
| #define STDC_HEADERS 1
| #define HAVE_SYS_WAIT_H 1
| #define HAVE_SYS_TYPES_H 1
| #define HAVE_SYS_STAT_H 1
| #define HAVE_STDLIB_H 1
| #define HAVE_STRING_H 1
| #define HAVE_MEMORY_H 1
| #define HAVE_STRINGS_H 1
| #define HAVE_INTTYPES_H 1
| #define HAVE_STDINT_H 1
| #define HAVE_UNISTD_H 1
| #define HAVE_FCNTL_H 1
| #define HAVE_LIMITS_H 1
| #define HAVE_NETDB_H 1
| #define HAVE_NETINET_IN_H 1
| #define HAVE_STDLIB_H 1
| #define HAVE_STRING_H 1
| #define HAVE_STRINGS_H 1
| #define HAVE_SYS_PARAM_H 1
| #define HAVE_SYS_SOCKET_H 1
| #define HAVE_SYS_TIME_H 1
| #define HAVE_SYS_TIMEB_H 1
| #define HAVE_UNISTD_H 1
| #define HAVE_SYS_UN_H 1
| #define TIME_WITH_SYS_TIME 1
| /* end confdefs.h.  */
| #include <vfork.h>
configure:4066: result: no
configure:4066: checking for vfork.h
configure:4066: result: no
configure:4079: checking for fork
configure:4079: gcc -o conftest -g -O2 -Wall   conftest.c  >&5
configure:4079: $? = 0
configure:4079: result: yes
configure:4079: checking for vfork
configure:4079: gcc -o conftest -g -O2 -Wall   conftest.c  >&5
conftest.c:58:6: warning: incompatible redeclaration of library function 'vfork' [-Wincompatible-library-redeclaration]
char vfork ();
     ^
conftest.c:58:6: note: 'vfork' is a builtin with type 'int (void)'
1 warning generated.
configure:4079: $? = 0
configure:4079: result: yes
configure:4089: checking for working fork
configure:4111: gcc -o conftest -g -O2 -Wall   conftest.c  >&5
configure:4111: $? = 0
configure:4111: ./conftest
configure:4111: $? = 0
configure:4121: result: yes
configure:4142: checking for working vfork
configure:4252: result: yes
configure:4280: checking sys/select.h usability
configure:4280: gcc -c -g -O2 -Wall  conftest.c >&5
configure:4280: $? = 0
configure:4280: result: yes
configure:4280: checking sys/select.h presence
configure:4280: gcc -E  conftest.c
configure:4280: $? = 0
configure:4280: result: yes
configure:4280: checking for sys/select.h
configure:4280: result: yes
configure:4280: checking for sys/socket.h
configure:4280: result: yes
configure:4290: checking types of arguments for select
configure:4318: gcc -c -g -O2 -Wall  conftest.c >&5
configure:4318: $? = 0
configure:4329: result: int,fd_set *,struct timeval *
configure:4352: checking return type of signal handlers
configure:4370: gcc -c -g -O2 -Wall  conftest.c >&5
conftest.c:49:8: error: indirection requires pointer operand ('void' invalid)
return *(signal (0, 0)) (0) == 1;
       ^~~~~~~~~~~~~~~~~~~~
1 error generated.
configure:4370: $? = 1
configure: failed program was:
| /* confdefs.h */
| #define PACKAGE_NAME ""
| #define PACKAGE_TARNAME ""
| #define PACKAGE_VERSION ""
| #define PACKAGE_STRING ""
| #define PACKAGE_BUGREPORT ""
| #define PACKAGE_URL ""
| #define STDC_HEADERS 1
| #define HAVE_SYS_WAIT_H 1
| #define HAVE_SYS_TYPES_H 1
| #define HAVE_SYS_STAT_H 1
| #define HAVE_STDLIB_H 1
| #define HAVE_STRING_H 1
| #define HAVE_MEMORY_H 1
| #define HAVE_STRINGS_H 1
| #define HAVE_INTTYPES_H 1
| #define HAVE_STDINT_H 1
| #define HAVE_UNISTD_H 1
| #define HAVE_FCNTL_H 1
| #define HAVE_LIMITS_H 1
| #define HAVE_NETDB_H 1
| #define HAVE_NETINET_IN_H 1
| #define HAVE_STDLIB_H 1
| #define HAVE_STRING_H 1
| #define HAVE_STRINGS_H 1
| #define HAVE_SYS_PARAM_H 1
| #define HAVE_SYS_SOCKET_H 1
| #define HAVE_SYS_TIME_H 1
| #define HAVE_SYS_TIMEB_H 1
| #define HAVE_UNISTD_H 1
| #define HAVE_SYS_UN_H 1
| #define TIME_WITH_SYS_TIME 1
| #define HAVE_FORK 1
| #define HAVE_VFORK 1
| #define HAVE_WORKING_VFORK 1
| #define HAVE_WORKING_FORK 1
| #define HAVE_SYS_SELECT_H 1
| #define HAVE_SYS_SOCKET_H 1
| #define SELECT_TYPE_ARG1 int
| #define SELECT_TYPE_ARG234 (fd_set *)
| #define SELECT_TYPE_ARG5 (struct timeval *)
| /* end confdefs.h.  */
| #include <sys/types.h>
| #include <signal.h>
| 
| int
| main ()
| {
| return *(signal (0, 0)) (0) == 1;
|   ;
|   return 0;
| }
configure:4377: result: void
configure:4387: checking for vprintf
configure:4387: gcc -o conftest -g -O2 -Wall   conftest.c  >&5
conftest.c:67:6: warning: incompatible redeclaration of library function 'vprintf' [-Wincompatible-library-redeclaration]
char vprintf ();
     ^
conftest.c:67:6: note: 'vprintf' is a builtin with type 'int (const char *, __va_list_tag *)'
1 warning generated.
configure:4387: $? = 0
configure:4387: result: yes
configure:4393: checking for _doprnt
configure:4393: gcc -o conftest -g -O2 -Wall   conftest.c  >&5
Undefined symbols for architecture x86_64:
  "__doprnt", referenced from:
      _main in conftest-5d5ef5.o
ld: symbol(s) not found for architecture x86_64
clang: error: linker command failed with exit code 1 (use -v to see invocation)
configure:4393: $? = 1
configure: failed program was:
| /* confdefs.h */
| #define PACKAGE_NAME ""
| #define PACKAGE_TARNAME ""
| #define PACKAGE_VERSION ""
| #define PACKAGE_STRING ""
| #define PACKAGE_BUGREPORT ""
| #define PACKAGE_URL ""
| #define STDC_HEADERS 1
| #define HAVE_SYS_WAIT_H 1
| #define HAVE_SYS_TYPES_H 1
| #define HAVE_SYS_STAT_H 1
| #define HAVE_STDLIB_H 1
| #define HAVE_STRING_H 1
| #define HAVE_MEMORY_H 1
| #define HAVE_STRINGS_H 1
| #define HAVE_INTTYPES_H 1
| #define HAVE_STDINT_H 1
| #define HAVE_UNISTD_H 1
| #define HAVE_FCNTL_H 1
| #define HAVE_LIMITS_H 1
| #define HAVE_NETDB_H 1
| #define HAVE_NETINET_IN_H 1
| #define HAVE_STDLIB_H 1
| #define HAVE_STRING_H 1
| #define HAVE_STRINGS_H 1
| #define HAVE_SYS_PARAM_H 1
| #define HAVE_SYS_SOCKET_H 1
| #define HAVE_SYS_TIME_H 1
| #define HAVE_SYS_TIMEB_H 1
| #define HAVE_UNISTD_H 1
| #define HAVE_SYS_UN_H 1
| #define TIME_WITH_SYS_TIME 1
| #define HAVE_FORK 1
| #define HAVE_VFORK 1
| #define HAVE_WORKING_VFORK 1
| #define HAVE_WORKING_FORK 1
| #define HAVE_SYS_SELECT_H 1
| #define HAVE_SYS_SOCKET_H 1
| #define SELECT_TYPE_ARG1 int
| #define SELECT_TYPE_ARG234 (fd_set *)
| #define SELECT_TYPE_ARG5 (struct timeval *)
| #define RETSIGTYPE void
| #define HAVE_VPRINTF 1
| /* end confdefs.h.  */
| /* Define _doprnt to an innocuous variant, in case <limits.h> declares _doprnt.
|    For example, HP-UX 11i <limits.h> declares gettimeofday.  */
| #define _doprnt innocuous__doprnt
| 
| /* System header to define __stub macros and hopefully few prototypes,
|     which can conflict with char _doprnt (); below.
|     Prefer <limits.h> to <assert.h> if __STDC__ is defined, since
|     <limits.h> exists even on freestanding compilers.  */
| 
| #ifdef __STDC__
| # include <limits.h>
| #else
| # include <assert.h>
| #endif
| 
| #undef _doprnt
| 
| /* Override any GCC internal prototype to avoid an error.
|    Use char because int might match the return type of a GCC
|    builtin and then its argument prototype would still apply.  */
| #ifdef __cplusplus
| extern "C"
| #endif
| char _doprnt ();
| /* The GNU C library defines this for functions which it implements
|     to always fail with ENOSYS.  Some functions are actually named
|     something starting with __ and the normal name is an alias.  */
| #if defined __stub__doprnt || defined __stub____doprnt
| choke me
| #endif
| 
| int
| main ()
| {
| return _doprnt ();
|   ;
|   return 0;
| }
configure:4393: result: no
configure:4407: checking for dup2
configure:4407: gcc -o conftest -g -O2 -Wall   conftest.c  >&5
configure:4407: $? = 0
configure:4407: result: yes
configure:4407: checking for gettimeofday
configure:4407: gcc -o conftest -g -O2 -Wall   conftest.c  >&5
configure:4407: $? = 0
configure:4407: result: yes
configure:4407: checking for inet_ntoa
configure:4407: gcc -o conftest -g -O2 -Wall   conftest.c  >&5
configure:4407: $? = 0
configure:4407: result: yes
configure:4407: checking for memset
configure:4407: gcc -o conftest -g -O2 -Wall   conftest.c  >&5
conftest.c:71:6: warning: incompatible redeclaration of library function 'memset' [-Wincompatible-library-redeclaration]
char memset ();
     ^
conftest.c:71:6: note: 'memset' is a builtin with type 'void *(void *, int, unsigned long)'
1 warning generated.
configure:4407: $? = 0
configure:4407: result: yes
configure:4407: checking for select
configure:4407: gcc -o conftest -g -O2 -Wall   conftest.c  >&5
configure:4407: $? = 0
configure:4407: result: yes
configure:4407: checking for socket
configure:4407: gcc -o conftest -g -O2 -Wall   conftest.c  >&5
configure:4407: $? = 0
configure:4407: result: yes
configure:4407: checking for strcasecmp
configure:4407: gcc -o conftest -g -O2 -Wall   conftest.c  >&5
conftest.c:74:6: warning: incompatible redeclaration of library function 'strcasecmp' [-Wincompatible-library-redeclaration]
char strcasecmp ();
     ^
conftest.c:74:6: note: 'strcasecmp' is a builtin with type 'int (const char *, const char *)'
1 warning generated.
configure:4407: $? = 0
configure:4407: result: yes
configure:4407: checking for strchr
configure:4407: gcc -o conftest -g -O2 -Wall   conftest.c  >&5
conftest.c:75:6: warning: incompatible redeclaration of library function 'strchr' [-Wincompatible-library-redeclaration]
char strchr ();
     ^
conftest.c:75:6: note: 'strchr' is a builtin with type 'char *(const char *, int)'
1 warning generated.
configure:4407: $? = 0
configure:4407: result: yes
configure:4407: checking for strdup
configure:4407: gcc -o conftest -g -O2 -Wall   conftest.c  >&5
conftest.c:76:6: warning: incompatible redeclaration of library function 'strdup' [-Wincompatible-library-redeclaration]
char strdup ();
     ^
conftest.c:76:6: note: 'strdup' is a builtin with type 'char *(const char *)'
1 warning generated.
configure:4407: $? = 0
configure:4407: result: yes
configure:4407: checking for strerror
configure:4407: gcc -o conftest -g -O2 -Wall   conftest.c  >&5
conftest.c:77:6: warning: incompatible redeclaration of library function 'strerror' [-Wincompatible-library-redeclaration]
char strerror ();
     ^
conftest.c:77:6: note: 'strerror' is a builtin with type 'char *(int)'
1 warning generated.
configure:4407: $? = 0
configure:4407: result: yes
configure:4407: checking for strncasecmp
configure:4407: gcc -o conftest -g -O2 -Wall   conftest.c  >&5
conftest.c:78:6: warning: incompatible redeclaration of library function 'strncasecmp' [-Wincompatible-library-redeclaration]
char strncasecmp ();
     ^
conftest.c:78:6: note: 'strncasecmp' is a builtin with type 'int (const char *, const char *, unsigned long)'
1 warning generated.
configure:4407: $? = 0
configure:4407: result: yes
configure:4407: checking for strtol
configure:4407: gcc -o conftest -g -O2 -Wall   conftest.c  >&5
configure:4407: $? = 0
configure:4407: result: yes
configure:4416: checking for library containing setsockopt
configure:4447: gcc -o conftest -g -O2 -Wall   conftest.c  >&5
configure:4447: $? = 0
configure:4464: result: none required
configure:4478: checking for library containing gethostbyname
configure:4509: gcc -o conftest -g -O2 -Wall   conftest.c  >&5
configure:4509: $? = 0
configure:4526: result: none required
configure:4535: checking for library containing dlopen
configure:4566: gcc -o conftest -g -O2 -Wall   conftest.c  >&5
configure:4566: $? = 0
configure:4583: result: none required
configure:4594: checking openssl/ssl.h usability
configure:4594: gcc -c -g -O2 -Wall  conftest.c >&5
conftest.c:90:10: fatal error: 'openssl/ssl.h' file not found
#include <openssl/ssl.h>
         ^
1 error generated.
configure:4594: $? = 1
configure: failed program was:
| /* confdefs.h */
| #define PACKAGE_NAME ""
| #define PACKAGE_TARNAME ""
| #define PACKAGE_VERSION ""
| #define PACKAGE_STRING ""
| #define PACKAGE_BUGREPORT ""
| #define PACKAGE_URL ""
| #define STDC_HEADERS 1
| #define HAVE_SYS_WAIT_H 1
| #define HAVE_SYS_TYPES_H 1
| #define HAVE_SYS_STAT_H 1
| #define HAVE_STDLIB_H 1
| #define HAVE_STRING_H 1
| #define HAVE_MEMORY_H 1
| #define HAVE_STRINGS_H 1
| #define HAVE_INTTYPES_H 1
| #define HAVE_STDINT_H 1
| #define HAVE_UNISTD_H 1
| #define HAVE_FCNTL_H 1
| #define HAVE_LIMITS_H 1
| #define HAVE_NETDB_H 1
| #define HAVE_NETINET_IN_H 1
| #define HAVE_STDLIB_H 1
| #define HAVE_STRING_H 1
| #define HAVE_STRINGS_H 1
| #define HAVE_SYS_PARAM_H 1
| #define HAVE_SYS_SOCKET_H 1
| #define HAVE_SYS_TIME_H 1
| #define HAVE_SYS_TIMEB_H 1
| #define HAVE_UNISTD_H 1
| #define HAVE_SYS_UN_H 1
| #define TIME_WITH_SYS_TIME 1
| #define HAVE_FORK 1
| #define HAVE_VFORK 1
| #define HAVE_WORKING_VFORK 1
| #define HAVE_WORKING_FORK 1
| #define HAVE_SYS_SELECT_H 1
| #define HAVE_SYS_SOCKET_H 1
| #define SELECT_TYPE_ARG1 int
| #define SELECT_TYPE_ARG234 (fd_set *)
| #define SELECT_TYPE_ARG5 (struct timeval *)
| #define RETSIGTYPE void
| #define HAVE_VPRINTF 1
| #define HAVE_DUP2 1
| #define HAVE_GETTIMEOFDAY 1
| #define HAVE_INET_NTOA 1
| #define HAVE_MEMSET 1
| #define HAVE_SELECT 1
| #define HAVE_SOCKET 1
| #define HAVE_STRCASECMP 1
| #define HAVE_STRCHR 1
| #define HAVE_STRDUP 1
| #define HAVE_STRERROR 1
| #define HAVE_STRNCASECMP 1
| #define HAVE_STRTOL 1
| /* end confdefs.h.  */
| #include <stdio.h>
| #ifdef HAVE_SYS_TYPES_H
| # include <sys/types.h>
| #endif
| #ifdef HAVE_SYS_STAT_H
| # include <sys/stat.h>
| #endif
| #ifdef STDC_HEADERS
| # include <stdlib.h>
| # include <stddef.h>
| #else
| # ifdef HAVE_STDLIB_H
| #  include <stdlib.h>
| # endif
| #endif
| #ifdef HAVE_STRING_H
| # if !defined STDC_HEADERS && defined HAVE_MEMORY_H
| #  include <memory.h>
| # endif
| # include <string.h>
| #endif
| #ifdef HAVE_STRINGS_H
| # include <strings.h>
| #endif
| #ifdef HAVE_INTTYPES_H
| # include <inttypes.h>
| #endif
| #ifdef HAVE_STDINT_H
| # include <stdint.h>
| #endif
| #ifdef HAVE_UNISTD_H
| # include <unistd.h>
| #endif
| #include <openssl/ssl.h>
configure:4594: result: no
configure:4594: checking openssl/ssl.h presence
configure:4594: gcc -E  conftest.c
conftest.c:57:10: fatal error: 'openssl/ssl.h' file not found
#include <openssl/ssl.h>
         ^
1 error generated.
configure:4594: $? = 1
configure: failed program was:
| /* confdefs.h */
| #define PACKAGE_NAME ""
| #define PACKAGE_TARNAME ""
| #define PACKAGE_VERSION ""
| #define PACKAGE_STRING ""
| #define PACKAGE_BUGREPORT ""
| #define PACKAGE_URL ""
| #define STDC_HEADERS 1
| #define HAVE_SYS_WAIT_H 1
| #define HAVE_SYS_TYPES_H 1
| #define HAVE_SYS_STAT_H 1
| #define HAVE_STDLIB_H 1
| #define HAVE_STRING_H 1
| #define HAVE_MEMORY_H 1
| #define HAVE_STRINGS_H 1
| #define HAVE_INTTYPES_H 1
| #define HAVE_STDINT_H 1
| #define HAVE_UNISTD_H 1
| #define HAVE_FCNTL_H 1
| #define HAVE_LIMITS_H 1
| #define HAVE_NETDB_H 1
| #define HAVE_NETINET_IN_H 1
| #define HAVE_STDLIB_H 1
| #define HAVE_STRING_H 1
| #define HAVE_STRINGS_H 1
| #define HAVE_SYS_PARAM_H 1
| #define HAVE_SYS_SOCKET_H 1
| #define HAVE_SYS_TIME_H 1
| #define HAVE_SYS_TIMEB_H 1
| #define HAVE_UNISTD_H 1
| #define HAVE_SYS_UN_H 1
| #define TIME_WITH_SYS_TIME 1
| #define HAVE_FORK 1
| #define HAVE_VFORK 1
| #define HAVE_WORKING_VFORK 1
| #define HAVE_WORKING_FORK 1
| #define HAVE_SYS_SELECT_H 1
| #define HAVE_SYS_SOCKET_H 1
| #define SELECT_TYPE_ARG1 int
| #define SELECT_TYPE_ARG234 (fd_set *)
| #define SELECT_TYPE_ARG5 (struct timeval *)
| #define RETSIGTYPE void
| #define HAVE_VPRINTF 1
| #define HAVE_DUP2 1
| #define HAVE_GETTIMEOFDAY 1
| #define HAVE_INET_NTOA 1
| #define HAVE_MEMSET 1
| #define HAVE_SELECT 1
| #define HAVE_SOCKET 1
| #define HAVE_STRCASECMP 1
| #define HAVE_STRCHR 1
| #define HAVE_STRDUP 1
| #define HAVE_STRERROR 1
| #define HAVE_STRNCASECMP 1
| #define HAVE_STRTOL 1
| /* end confdefs.h.  */
| #include <openssl/ssl.h>
configure:4594: result: no
configure:4594: checking for openssl/ssl.h
configure:4594: result: no
configure:4600: WARNING: Failed to find openssl/ssl.h so OpenSSL will not be used.
	If it is installed you can try the --with-openssl=DIR argument
configure:4765: checking pcap.h usability
configure:4765: gcc -c -g -O2 -Wall  conftest.c >&5
configure:4765: $? = 0
configure:4765: result: yes
configure:4765: checking pcap.h presence
configure:4765: gcc -E  conftest.c
configure:4765: $? = 0
configure:4765: result: yes
configure:4765: checking for pcap.h
configure:4765: result: yes
configure:4768: checking for pcap_datalink in -lpcap
configure:4793: gcc -o conftest -g -O2 -Wall   conftest.c -lpcap   >&5
configure:4793: $? = 0
configure:4802: result: yes
configure:4895: checking sys/ioccom.h usability
configure:4895: gcc -c -g -O2 -Wall  conftest.c >&5
configure:4895: $? = 0
configure:4895: result: yes
configure:4895: checking sys/ioccom.h presence
configure:4895: gcc -E  conftest.c
configure:4895: $? = 0
configure:4895: result: yes
configure:4895: checking for sys/ioccom.h
configure:4895: result: yes
configure:4895: checking for sys/time.h
configure:4895: result: yes
configure:4895: checking net/bpf.h usability
configure:4895: gcc -c -g -O2 -Wall  conftest.c >&5
configure:4895: $? = 0
configure:4895: result: yes
configure:4895: checking net/bpf.h presence
configure:4895: gcc -E  conftest.c
configure:4895: $? = 0
configure:4895: result: yes
configure:4895: checking for net/bpf.h
configure:4895: result: yes
configure:4905: checking if libpcap is suitable
configure:4929: gcc -o conftest -g -O2 -Wall   conftest.c  -lpcap >&5
configure:4929: $? = 0
configure:4929: ./conftest
configure:4929: $? = 0
configure:4967: gcc -o conftest -g -O2 -Wall   conftest.c  -lpcap >&5
configure:4967: $? = 0
configure:4967: ./conftest
configure:4967: $? = 0
configure:4969: checking whether pcap_get_selectable_fd is declared
configure:4969: gcc -c -g -O2 -Wall  conftest.c >&5
configure:4969: $? = 0
configure:4969: result: yes
configure:4972: result: yes
configure:5030: checking for odm_initialize in -lodm
configure:5055: gcc -o conftest -g -O2 -Wall   conftest.c -lodm   >&5
ld: library not found for -lodm
clang: error: linker command failed with exit code 1 (use -v to see invocation)
configure:5055: $? = 1
configure: failed program was:
| /* confdefs.h */
| #define PACKAGE_NAME ""
| #define PACKAGE_TARNAME ""
| #define PACKAGE_VERSION ""
| #define PACKAGE_STRING ""
| #define PACKAGE_BUGREPORT ""
| #define PACKAGE_URL ""
| #define STDC_HEADERS 1
| #define HAVE_SYS_WAIT_H 1
| #define HAVE_SYS_TYPES_H 1
| #define HAVE_SYS_STAT_H 1
| #define HAVE_STDLIB_H 1
| #define HAVE_STRING_H 1
| #define HAVE_MEMORY_H 1
| #define HAVE_STRINGS_H 1
| #define HAVE_INTTYPES_H 1
| #define HAVE_STDINT_H 1
| #define HAVE_UNISTD_H 1
| #define HAVE_FCNTL_H 1
| #define HAVE_LIMITS_H 1
| #define HAVE_NETDB_H 1
| #define HAVE_NETINET_IN_H 1
| #define HAVE_STDLIB_H 1
| #define HAVE_STRING_H 1
| #define HAVE_STRINGS_H 1
| #define HAVE_SYS_PARAM_H 1
| #define HAVE_SYS_SOCKET_H 1
| #define HAVE_SYS_TIME_H 1
| #define HAVE_SYS_TIMEB_H 1
| #define HAVE_UNISTD_H 1
| #define HAVE_SYS_UN_H 1
| #define TIME_WITH_SYS_TIME 1
| #define HAVE_FORK 1
| #define HAVE_VFORK 1
| #define HAVE_WORKING_VFORK 1
| #define HAVE_WORKING_FORK 1
| #define HAVE_SYS_SELECT_H 1
| #define HAVE_SYS_SOCKET_H 1
| #define SELECT_TYPE_ARG1 int
| #define SELECT_TYPE_ARG234 (fd_set *)
| #define SELECT_TYPE_ARG5 (struct timeval *)
| #define RETSIGTYPE void
| #define HAVE_VPRINTF 1
| #define HAVE_DUP2 1
| #define HAVE_GETTIMEOFDAY 1
| #define HAVE_INET_NTOA 1
| #define HAVE_MEMSET 1
| #define HAVE_SELECT 1
| #define HAVE_SOCKET 1
| #define HAVE_STRCASECMP 1
| #define HAVE_STRCHR 1
| #define HAVE_STRDUP 1
| #define HAVE_STRERROR 1
| #define HAVE_STRNCASECMP 1
| #define HAVE_STRTOL 1
| #define HAVE_SYS_IOCCOM_H 1
| #define HAVE_SYS_TIME_H 1
| #define HAVE_NET_BPF_H 1
| #define HAVE_LIBPCAP 1
| /* end confdefs.h.  */
| 
| /* Override any GCC internal prototype to avoid an error.
|    Use char because int might match the return type of a GCC
|    builtin and then its argument prototype would still apply.  */
| #ifdef __cplusplus
| extern "C"
| #endif
| char odm_initialize ();
| int
| main ()
| {
| return odm_initialize ();
|   ;
|   return 0;
| }
configure:5064: result: no
configure:5077: checking for odm_initialize in -lodm
configure:5111: result: no
configure:5122: checking for _system_configuration in -lcfg
configure:5147: gcc -o conftest -g -O2 -Wall   conftest.c -lcfg   >&5
ld: library not found for -lcfg
clang: error: linker command failed with exit code 1 (use -v to see invocation)
configure:5147: $? = 1
configure: failed program was:
| /* confdefs.h */
| #define PACKAGE_NAME ""
| #define PACKAGE_TARNAME ""
| #define PACKAGE_VERSION ""
| #define PACKAGE_STRING ""
| #define PACKAGE_BUGREPORT ""
| #define PACKAGE_URL ""
| #define STDC_HEADERS 1
| #define HAVE_SYS_WAIT_H 1
| #define HAVE_SYS_TYPES_H 1
| #define HAVE_SYS_STAT_H 1
| #define HAVE_STDLIB_H 1
| #define HAVE_STRING_H 1
| #define HAVE_MEMORY_H 1
| #define HAVE_STRINGS_H 1
| #define HAVE_INTTYPES_H 1
| #define HAVE_STDINT_H 1
| #define HAVE_UNISTD_H 1
| #define HAVE_FCNTL_H 1
| #define HAVE_LIMITS_H 1
| #define HAVE_NETDB_H 1
| #define HAVE_NETINET_IN_H 1
| #define HAVE_STDLIB_H 1
| #define HAVE_STRING_H 1
| #define HAVE_STRINGS_H 1
| #define HAVE_SYS_PARAM_H 1
| #define HAVE_SYS_SOCKET_H 1
| #define HAVE_SYS_TIME_H 1
| #define HAVE_SYS_TIMEB_H 1
| #define HAVE_UNISTD_H 1
| #define HAVE_SYS_UN_H 1
| #define TIME_WITH_SYS_TIME 1
| #define HAVE_FORK 1
| #define HAVE_VFORK 1
| #define HAVE_WORKING_VFORK 1
| #define HAVE_WORKING_FORK 1
| #define HAVE_SYS_SELECT_H 1
| #define HAVE_SYS_SOCKET_H 1
| #define SELECT_TYPE_ARG1 int
| #define SELECT_TYPE_ARG234 (fd_set *)
| #define SELECT_TYPE_ARG5 (struct timeval *)
| #define RETSIGTYPE void
| #define HAVE_VPRINTF 1
| #define HAVE_DUP2 1
| #define HAVE_GETTIMEOFDAY 1
| #define HAVE_INET_NTOA 1
| #define HAVE_MEMSET 1
| #define HAVE_SELECT 1
| #define HAVE_SOCKET 1
| #define HAVE_STRCASECMP 1
| #define HAVE_STRCHR 1
| #define HAVE_STRDUP 1
| #define HAVE_STRERROR 1
| #define HAVE_STRNCASECMP 1
| #define HAVE_STRTOL 1
| #define HAVE_SYS_IOCCOM_H 1
| #define HAVE_SYS_TIME_H 1
| #define HAVE_NET_BPF_H 1
| #define HAVE_LIBPCAP 1
| /* end confdefs.h.  */
| 
| /* Override any GCC internal prototype to avoid an error.
|    Use char because int might match the return type of a GCC
|    builtin and then its argument prototype would still apply.  */
| #ifdef __cplusplus
| extern "C"
| #endif
| char _system_configuration ();
| int
| main ()
| {
| return _system_configuration ();
|   ;
|   return 0;
| }
configure:5156: result: no
configure:5225: checking lua.h usability
configure:5225: gcc -c -g -O2 -Wall  conftest.c >&5
conftest.c:94:10: fatal error: 'lua.h' file not found
#include <lua.h>
         ^
1 error generated.
configure:5225: $? = 1
configure: failed program was:
| /* confdefs.h */
| #define PACKAGE_NAME ""
| #define PACKAGE_TARNAME ""
| #define PACKAGE_VERSION ""
| #define PACKAGE_STRING ""
| #define PACKAGE_BUGREPORT ""
| #define PACKAGE_URL ""
| #define STDC_HEADERS 1
| #define HAVE_SYS_WAIT_H 1
| #define HAVE_SYS_TYPES_H 1
| #define HAVE_SYS_STAT_H 1
| #define HAVE_STDLIB_H 1
| #define HAVE_STRING_H 1
| #define HAVE_MEMORY_H 1
| #define HAVE_STRINGS_H 1
| #define HAVE_INTTYPES_H 1
| #define HAVE_STDINT_H 1
| #define HAVE_UNISTD_H 1
| #define HAVE_FCNTL_H 1
| #define HAVE_LIMITS_H 1
| #define HAVE_NETDB_H 1
| #define HAVE_NETINET_IN_H 1
| #define HAVE_STDLIB_H 1
| #define HAVE_STRING_H 1
| #define HAVE_STRINGS_H 1
| #define HAVE_SYS_PARAM_H 1
| #define HAVE_SYS_SOCKET_H 1
| #define HAVE_SYS_TIME_H 1
| #define HAVE_SYS_TIMEB_H 1
| #define HAVE_UNISTD_H 1
| #define HAVE_SYS_UN_H 1
| #define TIME_WITH_SYS_TIME 1
| #define HAVE_FORK 1
| #define HAVE_VFORK 1
| #define HAVE_WORKING_VFORK 1
| #define HAVE_WORKING_FORK 1
| #define HAVE_SYS_SELECT_H 1
| #define HAVE_SYS_SOCKET_H 1
| #define SELECT_TYPE_ARG1 int
| #define SELECT_TYPE_ARG234 (fd_set *)
| #define SELECT_TYPE_ARG5 (struct timeval *)
| #define RETSIGTYPE void
| #define HAVE_VPRINTF 1
| #define HAVE_DUP2 1
| #define HAVE_GETTIMEOFDAY 1
| #define HAVE_INET_NTOA 1
| #define HAVE_MEMSET 1
| #define HAVE_SELECT 1
| #define HAVE_SOCKET 1
| #define HAVE_STRCASECMP 1
| #define HAVE_STRCHR 1
| #define HAVE_STRDUP 1
| #define HAVE_STRERROR 1
| #define HAVE_STRNCASECMP 1
| #define HAVE_STRTOL 1
| #define HAVE_SYS_IOCCOM_H 1
| #define HAVE_SYS_TIME_H 1
| #define HAVE_NET_BPF_H 1
| #define HAVE_LIBPCAP 1
| /* end confdefs.h.  */
| #include <stdio.h>
| #ifdef HAVE_SYS_TYPES_H
| # include <sys/types.h>
| #endif
| #ifdef HAVE_SYS_STAT_H
| # include <sys/stat.h>
| #endif
| #ifdef STDC_HEADERS
| # include <stdlib.h>
| # include <stddef.h>
| #else
| # ifdef HAVE_STDLIB_H
| #  include <stdlib.h>
| # endif
| #endif
| #ifdef HAVE_STRING_H
| # if !defined STDC_HEADERS && defined HAVE_MEMORY_H
| #  include <memory.h>
| # endif
| # include <string.h>
| #endif
| #ifdef HAVE_STRINGS_H
| # include <strings.h>
| #endif
| #ifdef HAVE_INTTYPES_H
| # include <inttypes.h>
| #endif
| #ifdef HAVE_STDINT_H
| # include <stdint.h>
| #endif
| #ifdef HAVE_UNISTD_H
| # include <unistd.h>
| #endif
| #include <lua.h>
configure:5225: result: no
configure:5225: checking lua.h presence
configure:5225: gcc -E  conftest.c
conftest.c:61:10: fatal error: 'lua.h' file not found
#include <lua.h>
         ^
1 error generated.
configure:5225: $? = 1
configure: failed program was:
| /* confdefs.h */
| #define PACKAGE_NAME ""
| #define PACKAGE_TARNAME ""
| #define PACKAGE_VERSION ""
| #define PACKAGE_STRING ""
| #define PACKAGE_BUGREPORT ""
| #define PACKAGE_URL ""
| #define STDC_HEADERS 1
| #define HAVE_SYS_WAIT_H 1
| #define HAVE_SYS_TYPES_H 1
| #define HAVE_SYS_STAT_H 1
| #define HAVE_STDLIB_H 1
| #define HAVE_STRING_H 1
| #define HAVE_MEMORY_H 1
| #define HAVE_STRINGS_H 1
| #define HAVE_INTTYPES_H 1
| #define HAVE_STDINT_H 1
| #define HAVE_UNISTD_H 1
| #define HAVE_FCNTL_H 1
| #define HAVE_LIMITS_H 1
| #define HAVE_NETDB_H 1
| #define HAVE_NETINET_IN_H 1
| #define HAVE_STDLIB_H 1
| #define HAVE_STRING_H 1
| #define HAVE_STRINGS_H 1
| #define HAVE_SYS_PARAM_H 1
| #define HAVE_SYS_SOCKET_H 1
| #define HAVE_SYS_TIME_H 1
| #define HAVE_SYS_TIMEB_H 1
| #define HAVE_UNISTD_H 1
| #define HAVE_SYS_UN_H 1
| #define TIME_WITH_SYS_TIME 1
| #define HAVE_FORK 1
| #define HAVE_VFORK 1
| #define HAVE_WORKING_VFORK 1
| #define HAVE_WORKING_FORK 1
| #define HAVE_SYS_SELECT_H 1
| #define HAVE_SYS_SOCKET_H 1
| #define SELECT_TYPE_ARG1 int
| #define SELECT_TYPE_ARG234 (fd_set *)
| #define SELECT_TYPE_ARG5 (struct timeval *)
| #define RETSIGTYPE void
| #define HAVE_VPRINTF 1
| #define HAVE_DUP2 1
| #define HAVE_GETTIMEOFDAY 1
| #define HAVE_INET_NTOA 1
| #define HAVE_MEMSET 1
| #define HAVE_SELECT 1
| #define HAVE_SOCKET 1
| #define HAVE_STRCASECMP 1
| #define HAVE_STRCHR 1
| #define HAVE_STRDUP 1
| #define HAVE_STRERROR 1
| #define HAVE_STRNCASECMP 1
| #define HAVE_STRTOL 1
| #define HAVE_SYS_IOCCOM_H 1
| #define HAVE_SYS_TIME_H 1
| #define HAVE_NET_BPF_H 1
| #define HAVE_LIBPCAP 1
| /* end confdefs.h.  */
| #include <lua.h>
configure:5225: result: no
configure:5225: checking for lua.h
configure:5225: result: no
configure:5225: checking lua/lua.h usability
configure:5225: gcc -c -g -O2 -Wall  conftest.c >&5
conftest.c:94:10: fatal error: 'lua/lua.h' file not found
#include <lua/lua.h>
         ^
1 error generated.
configure:5225: $? = 1
configure: failed program was:
| /* confdefs.h */
| #define PACKAGE_NAME ""
| #define PACKAGE_TARNAME ""
| #define PACKAGE_VERSION ""
| #define PACKAGE_STRING ""
| #define PACKAGE_BUGREPORT ""
| #define PACKAGE_URL ""
| #define STDC_HEADERS 1
| #define HAVE_SYS_WAIT_H 1
| #define HAVE_SYS_TYPES_H 1
| #define HAVE_SYS_STAT_H 1
| #define HAVE_STDLIB_H 1
| #define HAVE_STRING_H 1
| #define HAVE_MEMORY_H 1
| #define HAVE_STRINGS_H 1
| #define HAVE_INTTYPES_H 1
| #define HAVE_STDINT_H 1
| #define HAVE_UNISTD_H 1
| #define HAVE_FCNTL_H 1
| #define HAVE_LIMITS_H 1
| #define HAVE_NETDB_H 1
| #define HAVE_NETINET_IN_H 1
| #define HAVE_STDLIB_H 1
| #define HAVE_STRING_H 1
| #define HAVE_STRINGS_H 1
| #define HAVE_SYS_PARAM_H 1
| #define HAVE_SYS_SOCKET_H 1
| #define HAVE_SYS_TIME_H 1
| #define HAVE_SYS_TIMEB_H 1
| #define HAVE_UNISTD_H 1
| #define HAVE_SYS_UN_H 1
| #define TIME_WITH_SYS_TIME 1
| #define HAVE_FORK 1
| #define HAVE_VFORK 1
| #define HAVE_WORKING_VFORK 1
| #define HAVE_WORKING_FORK 1
| #define HAVE_SYS_SELECT_H 1
| #define HAVE_SYS_SOCKET_H 1
| #define SELECT_TYPE_ARG1 int
| #define SELECT_TYPE_ARG234 (fd_set *)
| #define SELECT_TYPE_ARG5 (struct timeval *)
| #define RETSIGTYPE void
| #define HAVE_VPRINTF 1
| #define HAVE_DUP2 1
| #define HAVE_GETTIMEOFDAY 1
| #define HAVE_INET_NTOA 1
| #define HAVE_MEMSET 1
| #define HAVE_SELECT 1
| #define HAVE_SOCKET 1
| #define HAVE_STRCASECMP 1
| #define HAVE_STRCHR 1
| #define HAVE_STRDUP 1
| #define HAVE_STRERROR 1
| #define HAVE_STRNCASECMP 1
| #define HAVE_STRTOL 1
| #define HAVE_SYS_IOCCOM_H 1
| #define HAVE_SYS_TIME_H 1
| #define HAVE_NET_BPF_H 1
| #define HAVE_LIBPCAP 1
| /* end confdefs.h.  */
| #include <stdio.h>
| #ifdef HAVE_SYS_TYPES_H
| # include <sys/types.h>
| #endif
| #ifdef HAVE_SYS_STAT_H
| # include <sys/stat.h>
| #endif
| #ifdef STDC_HEADERS
| # include <stdlib.h>
| # include <stddef.h>
| #else
| # ifdef HAVE_STDLIB_H
| #  include <stdlib.h>
| # endif
| #endif
| #ifdef HAVE_STRING_H
| # if !defined STDC_HEADERS && defined HAVE_MEMORY_H
| #  include <memory.h>
| # endif
| # include <string.h>
| #endif
| #ifdef HAVE_STRINGS_H
| # include <strings.h>
| #endif
| #ifdef HAVE_INTTYPES_H
| # include <inttypes.h>
| #endif
| #ifdef HAVE_STDINT_H
| # include <stdint.h>
| #endif
| #ifdef HAVE_UNISTD_H
| # include <unistd.h>
| #endif
| #include <lua/lua.h>
configure:5225: result: no
configure:5225: checking lua/lua.h presence
configure:5225: gcc -E  conftest.c
conftest.c:61:10: fatal error: 'lua/lua.h' file not found
#include <lua/lua.h>
         ^
1 error generated.
configure:5225: $? = 1
configure: failed program was:
| /* confdefs.h */
| #define PACKAGE_NAME ""
| #define PACKAGE_TARNAME ""
| #define PACKAGE_VERSION ""
| #define PACKAGE_STRING ""
| #define PACKAGE_BUGREPORT ""
| #define PACKAGE_URL ""
| #define STDC_HEADERS 1
| #define HAVE_SYS_WAIT_H 1
| #define HAVE_SYS_TYPES_H 1
| #define HAVE_SYS_STAT_H 1
| #define HAVE_STDLIB_H 1
| #define HAVE_STRING_H 1
| #define HAVE_MEMORY_H 1
| #define HAVE_STRINGS_H 1
| #define HAVE_INTTYPES_H 1
| #define HAVE_STDINT_H 1
| #define HAVE_UNISTD_H 1
| #define HAVE_FCNTL_H 1
| #define HAVE_LIMITS_H 1
| #define HAVE_NETDB_H 1
| #define HAVE_NETINET_IN_H 1
| #define HAVE_STDLIB_H 1
| #define HAVE_STRING_H 1
| #define HAVE_STRINGS_H 1
| #define HAVE_SYS_PARAM_H 1
| #define HAVE_SYS_SOCKET_H 1
| #define HAVE_SYS_TIME_H 1
| #define HAVE_SYS_TIMEB_H 1
| #define HAVE_UNISTD_H 1
| #define HAVE_SYS_UN_H 1
| #define TIME_WITH_SYS_TIME 1
| #define HAVE_FORK 1
| #define HAVE_VFORK 1
| #define HAVE_WORKING_VFORK 1
| #define HAVE_WORKING_FORK 1
| #define HAVE_SYS_SELECT_H 1
| #define HAVE_SYS_SOCKET_H 1
| #define SELECT_TYPE_ARG1 int
| #define SELECT_TYPE_ARG234 (fd_set *)
| #define SELECT_TYPE_ARG5 (struct timeval *)
| #define RETSIGTYPE void
| #define HAVE_VPRINTF 1
| #define HAVE_DUP2 1
| #define HAVE_GETTIMEOFDAY 1
| #define HAVE_INET_NTOA 1
| #define HAVE_MEMSET 1
| #define HAVE_SELECT 1
| #define HAVE_SOCKET 1
| #define HAVE_STRCASECMP 1
| #define HAVE_STRCHR 1
| #define HAVE_STRDUP 1
| #define HAVE_STRERROR 1
| #define HAVE_STRNCASECMP 1
| #define HAVE_STRTOL 1
| #define HAVE_SYS_IOCCOM_H 1
| #define HAVE_SYS_TIME_H 1
| #define HAVE_NET_BPF_H 1
| #define HAVE_LIBPCAP 1
| /* end confdefs.h.  */
| #include <lua/lua.h>
configure:5225: result: no
configure:5225: checking for lua/lua.h
configure:5225: result: no
configure:5225: checking lua5.2/lua.h usability
configure:5225: gcc -c -g -O2 -Wall  conftest.c >&5
conftest.c:94:10: fatal error: 'lua5.2/lua.h' file not found
#include <lua5.2/lua.h>
         ^
1 error generated.
configure:5225: $? = 1
configure: failed program was:
| /* confdefs.h */
| #define PACKAGE_NAME ""
| #define PACKAGE_TARNAME ""
| #define PACKAGE_VERSION ""
| #define PACKAGE_STRING ""
| #define PACKAGE_BUGREPORT ""
| #define PACKAGE_URL ""
| #define STDC_HEADERS 1
| #define HAVE_SYS_WAIT_H 1
| #define HAVE_SYS_TYPES_H 1
| #define HAVE_SYS_STAT_H 1
| #define HAVE_STDLIB_H 1
| #define HAVE_STRING_H 1
| #define HAVE_MEMORY_H 1
| #define HAVE_STRINGS_H 1
| #define HAVE_INTTYPES_H 1
| #define HAVE_STDINT_H 1
| #define HAVE_UNISTD_H 1
| #define HAVE_FCNTL_H 1
| #define HAVE_LIMITS_H 1
| #define HAVE_NETDB_H 1
| #define HAVE_NETINET_IN_H 1
| #define HAVE_STDLIB_H 1
| #define HAVE_STRING_H 1
| #define HAVE_STRINGS_H 1
| #define HAVE_SYS_PARAM_H 1
| #define HAVE_SYS_SOCKET_H 1
| #define HAVE_SYS_TIME_H 1
| #define HAVE_SYS_TIMEB_H 1
| #define HAVE_UNISTD_H 1
| #define HAVE_SYS_UN_H 1
| #define TIME_WITH_SYS_TIME 1
| #define HAVE_FORK 1
| #define HAVE_VFORK 1
| #define HAVE_WORKING_VFORK 1
| #define HAVE_WORKING_FORK 1
| #define HAVE_SYS_SELECT_H 1
| #define HAVE_SYS_SOCKET_H 1
| #define SELECT_TYPE_ARG1 int
| #define SELECT_TYPE_ARG234 (fd_set *)
| #define SELECT_TYPE_ARG5 (struct timeval *)
| #define RETSIGTYPE void
| #define HAVE_VPRINTF 1
| #define HAVE_DUP2 1
| #define HAVE_GETTIMEOFDAY 1
| #define HAVE_INET_NTOA 1
| #define HAVE_MEMSET 1
| #define HAVE_SELECT 1
| #define HAVE_SOCKET 1
| #define HAVE_STRCASECMP 1
| #define HAVE_STRCHR 1
| #define HAVE_STRDUP 1
| #define HAVE_STRERROR 1
| #define HAVE_STRNCASECMP 1
| #define HAVE_STRTOL 1
| #define HAVE_SYS_IOCCOM_H 1
| #define HAVE_SYS_TIME_H 1
| #define HAVE_NET_BPF_H 1
| #define HAVE_LIBPCAP 1
| /* end confdefs.h.  */
| #include <stdio.h>
| #ifdef HAVE_SYS_TYPES_H
| # include <sys/types.h>
| #endif
| #ifdef HAVE_SYS_STAT_H
| # include <sys/stat.h>
| #endif
| #ifdef STDC_HEADERS
| # include <stdlib.h>
| # include <stddef.h>
| #else
| # ifdef HAVE_STDLIB_H
| #  include <stdlib.h>
| # endif
| #endif
| #ifdef HAVE_STRING_H
| # if !defined STDC_HEADERS && defined HAVE_MEMORY_H
| #  include <memory.h>
| # endif
| # include <string.h>
| #endif
| #ifdef HAVE_STRINGS_H
| # include <strings.h>
| #endif
| #ifdef HAVE_INTTYPES_H
| # include <inttypes.h>
| #endif
| #ifdef HAVE_STDINT_H
| # include <stdint.h>
| #endif
| #ifdef HAVE_UNISTD_H
| # include <unistd.h>
| #endif
| #include <lua5.2/lua.h>
configure:5225: result: no
configure:5225: checking lua5.2/lua.h presence
configure:5225: gcc -E  conftest.c
conftest.c:61:10: fatal error: 'lua5.2/lua.h' file not found
#include <lua5.2/lua.h>
         ^
1 error generated.
configure:5225: $? = 1
configure: failed program was:
| /* confdefs.h */
| #define PACKAGE_NAME ""
| #define PACKAGE_TARNAME ""
| #define PACKAGE_VERSION ""
| #define PACKAGE_STRING ""
| #define PACKAGE_BUGREPORT ""
| #define PACKAGE_URL ""
| #define STDC_HEADERS 1
| #define HAVE_SYS_WAIT_H 1
| #define HAVE_SYS_TYPES_H 1
| #define HAVE_SYS_STAT_H 1
| #define HAVE_STDLIB_H 1
| #define HAVE_STRING_H 1
| #define HAVE_MEMORY_H 1
| #define HAVE_STRINGS_H 1
| #define HAVE_INTTYPES_H 1
| #define HAVE_STDINT_H 1
| #define HAVE_UNISTD_H 1
| #define HAVE_FCNTL_H 1
| #define HAVE_LIMITS_H 1
| #define HAVE_NETDB_H 1
| #define HAVE_NETINET_IN_H 1
| #define HAVE_STDLIB_H 1
| #define HAVE_STRING_H 1
| #define HAVE_STRINGS_H 1
| #define HAVE_SYS_PARAM_H 1
| #define HAVE_SYS_SOCKET_H 1
| #define HAVE_SYS_TIME_H 1
| #define HAVE_SYS_TIMEB_H 1
| #define HAVE_UNISTD_H 1
| #define HAVE_SYS_UN_H 1
| #define TIME_WITH_SYS_TIME 1
| #define HAVE_FORK 1
| #define HAVE_VFORK 1
| #define HAVE_WORKING_VFORK 1
| #define HAVE_WORKING_FORK 1
| #define HAVE_SYS_SELECT_H 1
| #define HAVE_SYS_SOCKET_H 1
| #define SELECT_TYPE_ARG1 int
| #define SELECT_TYPE_ARG234 (fd_set *)
| #define SELECT_TYPE_ARG5 (struct timeval *)
| #define RETSIGTYPE void
| #define HAVE_VPRINTF 1
| #define HAVE_DUP2 1
| #define HAVE_GETTIMEOFDAY 1
| #define HAVE_INET_NTOA 1
| #define HAVE_MEMSET 1
| #define HAVE_SELECT 1
| #define HAVE_SOCKET 1
| #define HAVE_STRCASECMP 1
| #define HAVE_STRCHR 1
| #define HAVE_STRDUP 1
| #define HAVE_STRERROR 1
| #define HAVE_STRNCASECMP 1
| #define HAVE_STRTOL 1
| #define HAVE_SYS_IOCCOM_H 1
| #define HAVE_SYS_TIME_H 1
| #define HAVE_NET_BPF_H 1
| #define HAVE_LIBPCAP 1
| /* end confdefs.h.  */
| #include <lua5.2/lua.h>
configure:5225: result: no
configure:5225: checking for lua5.2/lua.h
configure:5225: result: no
configure:5362: checking for lua version >= 502
configure:5422: checking for g++
configure:5438: found /usr/bin/g++
configure:5449: result: g++
configure:5476: checking for C++ compiler version
configure:5485: g++ --version >&5
Apple LLVM version 7.0.2 (clang-700.1.81)
Target: x86_64-apple-darwin15.0.0
Thread model: posix
Configured with: --prefix=/Applications/Xcode.app/Contents/Developer/usr --with-gxx-include-dir=/usr/include/c++/4.2.1
configure:5496: $? = 0
configure:5485: g++ -v >&5
Configured with: --prefix=/Applications/Xcode.app/Contents/Developer/usr --with-gxx-include-dir=/usr/include/c++/4.2.1
Apple LLVM version 7.0.2 (clang-700.1.81)
Target: x86_64-apple-darwin15.0.0
Thread model: posix
configure:5496: $? = 0
configure:5485: g++ -V >&5
clang: error: argument to '-V' is missing (expected 1 value)
clang: error: no input files
configure:5496: $? = 1
configure:5485: g++ -qversion >&5
clang: error: unknown argument: '-qversion'
clang: error: no input files
configure:5496: $? = 1
configure:5500: checking whether we are using the GNU C++ compiler
configure:5519: g++ -c   conftest.cpp >&5
configure:5519: $? = 0
configure:5528: result: yes
configure:5537: checking whether g++ accepts -g
configure:5557: g++ -c -g  conftest.cpp >&5
configure:5557: $? = 0
configure:5598: result: yes
configure:5637: g++ -o conftest -g -O2   conftest.cpp  >&5
conftest.cpp:61:11: fatal error: 'lua.h' file not found
 #include <lua.h>
          ^
1 error generated.
configure:5637: $? = 1
configure: program exited with status 1
configure: failed program was:
| /* confdefs.h */
| #define PACKAGE_NAME ""
| #define PACKAGE_TARNAME ""
| #define PACKAGE_VERSION ""
| #define PACKAGE_STRING ""
| #define PACKAGE_BUGREPORT ""
| #define PACKAGE_URL ""
| #define STDC_HEADERS 1
| #define HAVE_SYS_WAIT_H 1
| #define HAVE_SYS_TYPES_H 1
| #define HAVE_SYS_STAT_H 1
| #define HAVE_STDLIB_H 1
| #define HAVE_STRING_H 1
| #define HAVE_MEMORY_H 1
| #define HAVE_STRINGS_H 1
| #define HAVE_INTTYPES_H 1
| #define HAVE_STDINT_H 1
| #define HAVE_UNISTD_H 1
| #define HAVE_FCNTL_H 1
| #define HAVE_LIMITS_H 1
| #define HAVE_NETDB_H 1
| #define HAVE_NETINET_IN_H 1
| #define HAVE_STDLIB_H 1
| #define HAVE_STRING_H 1
| #define HAVE_STRINGS_H 1
| #define HAVE_SYS_PARAM_H 1
| #define HAVE_SYS_SOCKET_H 1
| #define HAVE_SYS_TIME_H 1
| #define HAVE_SYS_TIMEB_H 1
| #define HAVE_UNISTD_H 1
| #define HAVE_SYS_UN_H 1
| #define TIME_WITH_SYS_TIME 1
| #define HAVE_FORK 1
| #define HAVE_VFORK 1
| #define HAVE_WORKING_VFORK 1
| #define HAVE_WORKING_FORK 1
| #define HAVE_SYS_SELECT_H 1
| #define HAVE_SYS_SOCKET_H 1
| #define SELECT_TYPE_ARG1 int
| #define SELECT_TYPE_ARG234 (fd_set *)
| #define SELECT_TYPE_ARG5 (struct timeval *)
| #define RETSIGTYPE void
| #define HAVE_VPRINTF 1
| #define HAVE_DUP2 1
| #define HAVE_GETTIMEOFDAY 1
| #define HAVE_INET_NTOA 1
| #define HAVE_MEMSET 1
| #define HAVE_SELECT 1
| #define HAVE_SOCKET 1
| #define HAVE_STRCASECMP 1
| #define HAVE_STRCHR 1
| #define HAVE_STRDUP 1
| #define HAVE_STRERROR 1
| #define HAVE_STRNCASECMP 1
| #define HAVE_STRTOL 1
| #define HAVE_SYS_IOCCOM_H 1
| #define HAVE_SYS_TIME_H 1
| #define HAVE_NET_BPF_H 1
| #define HAVE_LIBPCAP 1
| /* end confdefs.h.  */
|  #include <lua.h>
| int
| main ()
| {
| if(LUA_VERSION_NUM < 502) return 1;
|   ;
|   return 0;
| }
configure:5661: result: no
configure:5804: creating ./config.status

## ---------------------- ##
## Running config.status. ##
## ---------------------- ##

This file was extended by config.status, which was
generated by GNU Autoconf 2.69.  Invocation command line was

  CONFIG_FILES    = 
  CONFIG_HEADERS  = 
  CONFIG_LINKS    = 
  CONFIG_COMMANDS = 
  $ ./config.status 

on wuleideMacBook-Pro.local

config.status:871: creating Makefile
config.status:871: creating config.h

## ---------------- ##
## Cache variables. ##
## ---------------- ##

ac_cv_build=x86_64-apple-darwin15.0.0
ac_cv_c_compiler_gnu=yes
ac_cv_c_const=yes
ac_cv_cxx_compiler_gnu=yes
ac_cv_env_CCC_set=
ac_cv_env_CCC_value=
ac_cv_env_CC_set=
ac_cv_env_CC_value=
ac_cv_env_CFLAGS_set=
ac_cv_env_CFLAGS_value=
ac_cv_env_CPPFLAGS_set=
ac_cv_env_CPPFLAGS_value=
ac_cv_env_CPP_set=
ac_cv_env_CPP_value=
ac_cv_env_CXXFLAGS_set=
ac_cv_env_CXXFLAGS_value=
ac_cv_env_CXX_set=
ac_cv_env_CXX_value=
ac_cv_env_LDFLAGS_set=
ac_cv_env_LDFLAGS_value=
ac_cv_env_LIBS_set=
ac_cv_env_LIBS_value=
ac_cv_env_build_alias_set=
ac_cv_env_build_alias_value=
ac_cv_env_host_alias_set=
ac_cv_env_host_alias_value=
ac_cv_env_target_alias_set=
ac_cv_env_target_alias_value=
ac_cv_func__doprnt=no
ac_cv_func_dup2=yes
ac_cv_func_fork=yes
ac_cv_func_fork_works=yes
ac_cv_func_gettimeofday=yes
ac_cv_func_inet_ntoa=yes
ac_cv_func_memset=yes
ac_cv_func_select=yes
ac_cv_func_select_args='int,fd_set *,struct timeval *'
ac_cv_func_socket=yes
ac_cv_func_strcasecmp=yes
ac_cv_func_strchr=yes
ac_cv_func_strdup=yes
ac_cv_func_strerror=yes
ac_cv_func_strncasecmp=yes
ac_cv_func_strtol=yes
ac_cv_func_vfork=yes
ac_cv_func_vfork_works=yes
ac_cv_func_vprintf=yes
ac_cv_have_decl_pcap_get_selectable_fd=yes
ac_cv_header_fcntl_h=yes
ac_cv_header_inttypes_h=yes
ac_cv_header_limits_h=yes
ac_cv_header_lua5_2_lua_h=no
ac_cv_header_lua_h=no
ac_cv_header_lua_lua_h=no
ac_cv_header_memory_h=yes
ac_cv_header_net_bpf_h=yes
ac_cv_header_netdb_h=yes
ac_cv_header_netinet_in_h=yes
ac_cv_header_openssl_ssl_h=no
ac_cv_header_pcap_h=yes
ac_cv_header_stat_broken=no
ac_cv_header_stdc=yes
ac_cv_header_stdint_h=yes
ac_cv_header_stdlib_h=yes
ac_cv_header_string_h=yes
ac_cv_header_strings_h=yes
ac_cv_header_sys_ioccom_h=yes
ac_cv_header_sys_param_h=yes
ac_cv_header_sys_select_h=yes
ac_cv_header_sys_socket_h=yes
ac_cv_header_sys_stat_h=yes
ac_cv_header_sys_time_h=yes
ac_cv_header_sys_timeb_h=yes
ac_cv_header_sys_types_h=yes
ac_cv_header_sys_un_h=yes
ac_cv_header_sys_wait_h=yes
ac_cv_header_time=yes
ac_cv_header_unistd_h=yes
ac_cv_header_vfork_h=no
ac_cv_host=x86_64-apple-darwin15.0.0
ac_cv_lib_cfg__system_configuration=no
ac_cv_lib_odm_odm_initialize=no
ac_cv_lib_pcap_pcap_datalink=yes
ac_cv_objext=o
ac_cv_path_EGREP='/usr/bin/grep -E'
ac_cv_path_GREP=/usr/bin/grep
ac_cv_path_ac_pt_STRIP=/usr/bin/strip
ac_cv_path_install='/usr/bin/install -c'
ac_cv_prog_CPP='gcc -E'
ac_cv_prog_ac_ct_CC=gcc
ac_cv_prog_ac_ct_CXX=g++
ac_cv_prog_cc_c89=
ac_cv_prog_cc_g=yes
ac_cv_prog_cxx_g=yes
ac_cv_search_dlopen='none required'
ac_cv_search_gethostbyname='none required'
ac_cv_search_setsockopt='none required'
ac_cv_type_pid_t=yes
ac_cv_type_signal=void

## ----------------- ##
## Output variables. ##
## ----------------- ##

CC='gcc'
CFLAGS='-g -O2 -Wall'
CPP='gcc -E'
CPPFLAGS='-I$(top_srcdir)/../liblua '
CXX='g++'
CXXFLAGS='-g -O2'
DEFS='-DHAVE_CONFIG_H'
ECHO_C='\c'
ECHO_N=''
ECHO_T=''
EGREP='/usr/bin/grep -E'
EXEEXT=''
GREP='/usr/bin/grep'
HAVE_OPENSSL=''
INSTALL_DATA='${INSTALL} -m 644'
INSTALL_PROGRAM='${INSTALL}'
INSTALL_SCRIPT='${INSTALL}'
LDFLAGS=''
LIBLUADIR='../liblua'
LIBLUA_LIBS='$(top_srcdir)/../liblua/liblua.a'
LIBOBJS=''
LIBS=''
LTLIBOBJS=''
LUA_BUILD='build-lua'
LUA_CFLAGS='-DLUA_USE_POSIX -DLUA_USE_DLOPEN'
LUA_CLEAN='clean-lua'
LUA_DEPENDS='$(top_srcdir)/../liblua/liblua.a'
LUA_DIST_CLEAN='distclean-lua'
OBJEXT='o'
OPENSSL_LIBS=''
PACKAGE_BUGREPORT=''
PACKAGE_NAME=''
PACKAGE_STRING=''
PACKAGE_TARNAME=''
PACKAGE_URL=''
PACKAGE_VERSION=''
PATH_SEPARATOR=':'
PCAP_BUILD=''
PCAP_CLEAN=''
PCAP_DEPENDS=''
PCAP_DIST_CLEAN=''
PCAP_LIBS='-lpcap'
SHELL='/bin/sh'
STRIP='/usr/bin/strip'
ac_ct_CC='gcc'
ac_ct_CXX='g++'
bindir='${exec_prefix}/bin'
build='x86_64-apple-darwin15.0.0'
build_alias=''
build_cpu='x86_64'
build_os='darwin15.0.0'
build_vendor='apple'
datadir='${datarootdir}'
datarootdir='${prefix}/share'
docdir='${datarootdir}/doc/${PACKAGE}'
dvidir='${docdir}'
exec_prefix='${prefix}'
host='x86_64-apple-darwin15.0.0'
host_alias=''
host_cpu='x86_64'
host_os='darwin15.0.0'
host_vendor='apple'
htmldir='${docdir}'
includedir='${prefix}/include'
infodir='${datarootdir}/info'
libdir='${exec_prefix}/lib'
libexecdir='${exec_prefix}/libexec'
libpcapdir='../libpcap'
localedir='${datarootdir}/locale'
localstatedir='${prefix}/var'
mandir='${datarootdir}/man'
oldincludedir='/usr/include'
pdfdir='${docdir}'
prefix='/usr/local'
program_transform_name='s,x,x,'
psdir='${docdir}'
sbindir='${exec_prefix}/sbin'
sharedstatedir='${prefix}/com'
sysconfdir='${prefix}/etc'
target_alias=''

## ----------- ##
## confdefs.h. ##
## ----------- ##

/* confdefs.h */
#define PACKAGE_NAME ""
#define PACKAGE_TARNAME ""
#define PACKAGE_VERSION ""
#define PACKAGE_STRING ""
#define PACKAGE_BUGREPORT ""
#define PACKAGE_URL ""
#define STDC_HEADERS 1
#define HAVE_SYS_WAIT_H 1
#define HAVE_SYS_TYPES_H 1
#define HAVE_SYS_STAT_H 1
#define HAVE_STDLIB_H 1
#define HAVE_STRING_H 1
#define HAVE_MEMORY_H 1
#define HAVE_STRINGS_H 1
#define HAVE_INTTYPES_H 1
#define HAVE_STDINT_H 1
#define HAVE_UNISTD_H 1
#define HAVE_FCNTL_H 1
#define HAVE_LIMITS_H 1
#define HAVE_NETDB_H 1
#define HAVE_NETINET_IN_H 1
#define HAVE_STDLIB_H 1
#define HAVE_STRING_H 1
#define HAVE_STRINGS_H 1
#define HAVE_SYS_PARAM_H 1
#define HAVE_SYS_SOCKET_H 1
#define HAVE_SYS_TIME_H 1
#define HAVE_SYS_TIMEB_H 1
#define HAVE_UNISTD_H 1
#define HAVE_SYS_UN_H 1
#define TIME_WITH_SYS_TIME 1
#define HAVE_FORK 1
#define HAVE_VFORK 1
#define HAVE_WORKING_VFORK 1
#define HAVE_WORKING_FORK 1
#define HAVE_SYS_SELECT_H 1
#define HAVE_SYS_SOCKET_H 1
#define SELECT_TYPE_ARG1 int
#define SELECT_TYPE_ARG234 (fd_set *)
#define SELECT_TYPE_ARG5 (struct timeval *)
#define RETSIGTYPE void
#define HAVE_VPRINTF 1
#define HAVE_DUP2 1
#define HAVE_GETTIMEOFDAY 1
#define HAVE_INET_NTOA 1
#define HAVE_MEMSET 1
#define HAVE_SELECT 1
#define HAVE_SOCKET 1
#define HAVE_STRCASECMP 1
#define HAVE_STRCHR 1
#define HAVE_STRDUP 1
#define HAVE_STRERROR 1
#define HAVE_STRNCASECMP 1
#define HAVE_STRTOL 1
#define HAVE_SYS_IOCCOM_H 1
#define HAVE_SYS_TIME_H 1
#define HAVE_NET_BPF_H 1
#define HAVE_LIBPCAP 1
#define LUA_INCLUDED 1

configure: exit 0
