This file contains any messages produced by compilers while
running configure, to aid debugging if configure makes a mistake.

It was created by PCRE configure 7.6, which was
generated by GNU Autoconf 2.69.  Invocation command line was

  $ ./configure --disable-option-checking --prefix=/usr/local --cache-file=/dev/null --srcdir=. --no-create --no-recursion

## --------- ##
## Platform. ##
## --------- ##

hostname = wuleideMacBook-Pro.local
uname -m = x86_64
uname -r = 15.0.0
uname -s = Darwin
uname -v = Darwin Kernel Version 15.0.0: Wed Aug 26 16:57:32 PDT 2015; root:xnu-3247.1.106~1/RELEASE_X86_64

/usr/bin/uname -p = i386
/bin/uname -X     = unknown

/bin/arch              = unknown
/usr/bin/arch -k       = unknown
/usr/convex/getsysinfo = unknown
/usr/bin/hostinfo      = Mach kernel version:
	 Darwin Kernel Version 15.0.0: Wed Aug 26 16:57:32 PDT 2015; root:xnu-3247.1.106~1/RELEASE_X86_64
Kernel configured for up to 4 processors.
2 processors are physically available.
4 processors are logically available.
Processor type: x86_64h (Intel x86-64h Haswell)
Processors active: 0 1 2 3
Primary memory available: 16.00 gigabytes
Default processor set: 289 tasks, 1334 threads, 4 processors
Load average: 2.69, Mach factor: 1.47
/bin/machine           = unknown
/usr/bin/oslevel       = unknown
/bin/universe          = unknown

PATH: /usr/local/bin
PATH: /usr/bin
PATH: /bin
PATH: /usr/sbin
PATH: /sbin


## ----------- ##
## Core tests. ##
## ----------- ##

configure:2302: checking for a BSD-compatible install
configure:2370: result: /usr/bin/install -c
configure:2381: checking whether build environment is sane
configure:2418: result: yes
configure:2443: checking for a thread-safe mkdir -p
configure:2482: result: ./../shtool install -c -d
configure:2495: checking for gawk
configure:2525: result: no
configure:2495: checking for mawk
configure:2525: result: no
configure:2495: checking for nawk
configure:2525: result: no
configure:2495: checking for awk
configure:2511: found /usr/bin/awk
configure:2522: result: awk
configure:2533: checking whether make sets $(MAKE)
configure:2555: result: yes
configure:2800: checking for gcc
configure:2816: found /usr/bin/gcc
configure:2827: result: gcc
configure:3056: checking for C compiler version
configure:3065: gcc --version >&5
Apple LLVM version 7.0.2 (clang-700.1.81)
Target: x86_64-apple-darwin15.0.0
Thread model: posix
Configured with: --prefix=/Applications/Xcode.app/Contents/Developer/usr --with-gxx-include-dir=/usr/include/c++/4.2.1
configure:3076: $? = 0
configure:3065: gcc -v >&5
Configured with: --prefix=/Applications/Xcode.app/Contents/Developer/usr --with-gxx-include-dir=/usr/include/c++/4.2.1
Apple LLVM version 7.0.2 (clang-700.1.81)
Target: x86_64-apple-darwin15.0.0
Thread model: posix
configure:3076: $? = 0
configure:3065: gcc -V >&5
clang: error: argument to '-V' is missing (expected 1 value)
clang: error: no input files
configure:3076: $? = 1
configure:3065: gcc -qversion >&5
clang: error: unknown argument: '-qversion'
clang: error: no input files
configure:3076: $? = 1
configure:3096: checking whether the C compiler works
configure:3118: gcc -O2   conftest.c  >&5
configure:3122: $? = 0
configure:3170: result: yes
configure:3173: checking for C compiler default output file name
configure:3175: result: a.out
configure:3181: checking for suffix of executables
configure:3188: gcc -o conftest -O2   conftest.c  >&5
configure:3192: $? = 0
configure:3214: result: 
configure:3236: checking whether we are cross compiling
configure:3244: gcc -o conftest -O2   conftest.c  >&5
configure:3248: $? = 0
configure:3255: ./conftest
configure:3259: $? = 0
configure:3274: result: no
configure:3279: checking for suffix of object files
configure:3301: gcc -c -O2  conftest.c >&5
configure:3305: $? = 0
configure:3326: result: o
configure:3330: checking whether we are using the GNU C compiler
configure:3349: gcc -c -O2  conftest.c >&5
configure:3349: $? = 0
configure:3358: result: yes
configure:3367: checking whether gcc accepts -g
configure:3387: gcc -c -g  conftest.c >&5
configure:3387: $? = 0
configure:3428: result: yes
configure:3445: checking for gcc option to accept ISO C89
configure:3508: gcc  -c -O2  conftest.c >&5
configure:3508: $? = 0
configure:3521: result: none needed
configure:3552: checking for style of include used by make
configure:3580: result: GNU
configure:3605: checking dependency style of gcc
configure:3696: result: gcc3
configure:3754: checking for ranlib
configure:3770: found /usr/bin/ranlib
configure:3781: result: ranlib
configure:3816: checking whether ln -s works
configure:3820: result: yes
configure:4056: checking how to run the C preprocessor
configure:4087: gcc -E  conftest.c
configure:4087: $? = 0
configure:4101: gcc -E  conftest.c
conftest.c:11:10: fatal error: 'ac_nonexistent.h' file not found
#include <ac_nonexistent.h>
         ^
1 error generated.
configure:4101: $? = 1
configure: failed program was:
| /* confdefs.h */
| #define PACKAGE_NAME "PCRE"
| #define PACKAGE_TARNAME "pcre"
| #define PACKAGE_VERSION "7.6"
| #define PACKAGE_STRING "PCRE 7.6"
| #define PACKAGE_BUGREPORT ""
| #define PACKAGE_URL ""
| #define PACKAGE "pcre"
| #define VERSION "7.6"
| /* end confdefs.h.  */
| #include <ac_nonexistent.h>
configure:4126: result: gcc -E
configure:4146: gcc -E  conftest.c
configure:4146: $? = 0
configure:4160: gcc -E  conftest.c
conftest.c:11:10: fatal error: 'ac_nonexistent.h' file not found
#include <ac_nonexistent.h>
         ^
1 error generated.
configure:4160: $? = 1
configure: failed program was:
| /* confdefs.h */
| #define PACKAGE_NAME "PCRE"
| #define PACKAGE_TARNAME "pcre"
| #define PACKAGE_VERSION "7.6"
| #define PACKAGE_STRING "PCRE 7.6"
| #define PACKAGE_BUGREPORT ""
| #define PACKAGE_URL ""
| #define PACKAGE "pcre"
| #define VERSION "7.6"
| /* end confdefs.h.  */
| #include <ac_nonexistent.h>
configure:4189: checking for grep that handles long lines and -e
configure:4247: result: /usr/bin/grep
configure:4252: checking for egrep
configure:4314: result: /usr/bin/grep -E
configure:4319: checking for ANSI C header files
configure:4339: gcc -c -O2  conftest.c >&5
configure:4339: $? = 0
configure:4412: gcc -o conftest -O2   conftest.c  >&5
configure:4412: $? = 0
configure:4412: ./conftest
configure:4412: $? = 0
configure:4423: result: yes
configure:4436: checking for sys/types.h
configure:4436: gcc -c -O2  conftest.c >&5
configure:4436: $? = 0
configure:4436: result: yes
configure:4436: checking for sys/stat.h
configure:4436: gcc -c -O2  conftest.c >&5
configure:4436: $? = 0
configure:4436: result: yes
configure:4436: checking for stdlib.h
configure:4436: gcc -c -O2  conftest.c >&5
configure:4436: $? = 0
configure:4436: result: yes
configure:4436: checking for string.h
configure:4436: gcc -c -O2  conftest.c >&5
configure:4436: $? = 0
configure:4436: result: yes
configure:4436: checking for memory.h
configure:4436: gcc -c -O2  conftest.c >&5
configure:4436: $? = 0
configure:4436: result: yes
configure:4436: checking for strings.h
configure:4436: gcc -c -O2  conftest.c >&5
configure:4436: $? = 0
configure:4436: result: yes
configure:4436: checking for inttypes.h
configure:4436: gcc -c -O2  conftest.c >&5
configure:4436: $? = 0
configure:4436: result: yes
configure:4436: checking for stdint.h
configure:4436: gcc -c -O2  conftest.c >&5
configure:4436: $? = 0
configure:4436: result: yes
configure:4436: checking for unistd.h
configure:4436: gcc -c -O2  conftest.c >&5
configure:4436: $? = 0
configure:4436: result: yes
configure:4451: checking limits.h usability
configure:4451: gcc -c -O2  conftest.c >&5
configure:4451: $? = 0
configure:4451: result: yes
configure:4451: checking limits.h presence
configure:4451: gcc -E  conftest.c
configure:4451: $? = 0
configure:4451: result: yes
configure:4451: checking for limits.h
configure:4451: result: yes
configure:4451: checking for sys/types.h
configure:4451: result: yes
configure:4451: checking for sys/stat.h
configure:4451: result: yes
configure:4451: checking dirent.h usability
configure:4451: gcc -c -O2  conftest.c >&5
configure:4451: $? = 0
configure:4451: result: yes
configure:4451: checking dirent.h presence
configure:4451: gcc -E  conftest.c
configure:4451: $? = 0
configure:4451: result: yes
configure:4451: checking for dirent.h
configure:4451: result: yes
configure:4451: checking windows.h usability
configure:4451: gcc -c -O2  conftest.c >&5
conftest.c:58:10: fatal error: 'windows.h' file not found
#include <windows.h>
         ^
1 error generated.
configure:4451: $? = 1
configure: failed program was:
| /* confdefs.h */
| #define PACKAGE_NAME "PCRE"
| #define PACKAGE_TARNAME "pcre"
| #define PACKAGE_VERSION "7.6"
| #define PACKAGE_STRING "PCRE 7.6"
| #define PACKAGE_BUGREPORT ""
| #define PACKAGE_URL ""
| #define PACKAGE "pcre"
| #define VERSION "7.6"
| #define STDC_HEADERS 1
| #define HAVE_SYS_TYPES_H 1
| #define HAVE_SYS_STAT_H 1
| #define HAVE_STDLIB_H 1
| #define HAVE_STRING_H 1
| #define HAVE_MEMORY_H 1
| #define HAVE_STRINGS_H 1
| #define HAVE_INTTYPES_H 1
| #define HAVE_STDINT_H 1
| #define HAVE_UNISTD_H 1
| #define HAVE_LIMITS_H 1
| #define HAVE_SYS_TYPES_H 1
| #define HAVE_SYS_STAT_H 1
| #define HAVE_DIRENT_H 1
| /* end confdefs.h.  */
| #include <stdio.h>
| #ifdef HAVE_SYS_TYPES_H
| # include <sys/types.h>
| #endif
| #ifdef HAVE_SYS_STAT_H
| # include <sys/stat.h>
| #endif
| #ifdef STDC_HEADERS
| # include <stdlib.h>
| # include <stddef.h>
| #else
| # ifdef HAVE_STDLIB_H
| #  include <stdlib.h>
| # endif
| #endif
| #ifdef HAVE_STRING_H
| # if !defined STDC_HEADERS && defined HAVE_MEMORY_H
| #  include <memory.h>
| # endif
| # include <string.h>
| #endif
| #ifdef HAVE_STRINGS_H
| # include <strings.h>
| #endif
| #ifdef HAVE_INTTYPES_H
| # include <inttypes.h>
| #endif
| #ifdef HAVE_STDINT_H
| # include <stdint.h>
| #endif
| #ifdef HAVE_UNISTD_H
| # include <unistd.h>
| #endif
| #include <windows.h>
configure:4451: result: no
configure:4451: checking windows.h presence
configure:4451: gcc -E  conftest.c
conftest.c:25:10: fatal error: 'windows.h' file not found
#include <windows.h>
         ^
1 error generated.
configure:4451: $? = 1
configure: failed program was:
| /* confdefs.h */
| #define PACKAGE_NAME "PCRE"
| #define PACKAGE_TARNAME "pcre"
| #define PACKAGE_VERSION "7.6"
| #define PACKAGE_STRING "PCRE 7.6"
| #define PACKAGE_BUGREPORT ""
| #define PACKAGE_URL ""
| #define PACKAGE "pcre"
| #define VERSION "7.6"
| #define STDC_HEADERS 1
| #define HAVE_SYS_TYPES_H 1
| #define HAVE_SYS_STAT_H 1
| #define HAVE_STDLIB_H 1
| #define HAVE_STRING_H 1
| #define HAVE_MEMORY_H 1
| #define HAVE_STRINGS_H 1
| #define HAVE_INTTYPES_H 1
| #define HAVE_STDINT_H 1
| #define HAVE_UNISTD_H 1
| #define HAVE_LIMITS_H 1
| #define HAVE_SYS_TYPES_H 1
| #define HAVE_SYS_STAT_H 1
| #define HAVE_DIRENT_H 1
| /* end confdefs.h.  */
| #include <windows.h>
configure:4451: result: no
configure:4451: checking for windows.h
configure:4451: result: no
configure:4478: checking for an ANSI C-conforming const
configure:4544: gcc -c -O2  conftest.c >&5
configure:4544: $? = 0
configure:4551: result: yes
configure:4559: checking for size_t
configure:4559: gcc -c -O2  conftest.c >&5
configure:4559: $? = 0
configure:4559: gcc -c -O2  conftest.c >&5
conftest.c:61:21: error: expected expression
if (sizeof ((size_t)))
                    ^
1 error generated.
configure:4559: $? = 1
configure: failed program was:
| /* confdefs.h */
| #define PACKAGE_NAME "PCRE"
| #define PACKAGE_TARNAME "pcre"
| #define PACKAGE_VERSION "7.6"
| #define PACKAGE_STRING "PCRE 7.6"
| #define PACKAGE_BUGREPORT ""
| #define PACKAGE_URL ""
| #define PACKAGE "pcre"
| #define VERSION "7.6"
| #define STDC_HEADERS 1
| #define HAVE_SYS_TYPES_H 1
| #define HAVE_SYS_STAT_H 1
| #define HAVE_STDLIB_H 1
| #define HAVE_STRING_H 1
| #define HAVE_MEMORY_H 1
| #define HAVE_STRINGS_H 1
| #define HAVE_INTTYPES_H 1
| #define HAVE_STDINT_H 1
| #define HAVE_UNISTD_H 1
| #define HAVE_LIMITS_H 1
| #define HAVE_SYS_TYPES_H 1
| #define HAVE_SYS_STAT_H 1
| #define HAVE_DIRENT_H 1
| /* end confdefs.h.  */
| #include <stdio.h>
| #ifdef HAVE_SYS_TYPES_H
| # include <sys/types.h>
| #endif
| #ifdef HAVE_SYS_STAT_H
| # include <sys/stat.h>
| #endif
| #ifdef STDC_HEADERS
| # include <stdlib.h>
| # include <stddef.h>
| #else
| # ifdef HAVE_STDLIB_H
| #  include <stdlib.h>
| # endif
| #endif
| #ifdef HAVE_STRING_H
| # if !defined STDC_HEADERS && defined HAVE_MEMORY_H
| #  include <memory.h>
| # endif
| # include <string.h>
| #endif
| #ifdef HAVE_STRINGS_H
| # include <strings.h>
| #endif
| #ifdef HAVE_INTTYPES_H
| # include <inttypes.h>
| #endif
| #ifdef HAVE_STDINT_H
| # include <stdint.h>
| #endif
| #ifdef HAVE_UNISTD_H
| # include <unistd.h>
| #endif
| int
| main ()
| {
| if (sizeof ((size_t)))
| 	    return 0;
|   ;
|   return 0;
| }
configure:4559: result: yes
configure:4571: checking for long long
configure:4571: gcc -c -O2  conftest.c >&5
configure:4571: $? = 0
configure:4571: gcc -c -O2  conftest.c >&5
conftest.c:61:24: error: expected expression
if (sizeof ((long long)))
                       ^
1 error generated.
configure:4571: $? = 1
configure: failed program was:
| /* confdefs.h */
| #define PACKAGE_NAME "PCRE"
| #define PACKAGE_TARNAME "pcre"
| #define PACKAGE_VERSION "7.6"
| #define PACKAGE_STRING "PCRE 7.6"
| #define PACKAGE_BUGREPORT ""
| #define PACKAGE_URL ""
| #define PACKAGE "pcre"
| #define VERSION "7.6"
| #define STDC_HEADERS 1
| #define HAVE_SYS_TYPES_H 1
| #define HAVE_SYS_STAT_H 1
| #define HAVE_STDLIB_H 1
| #define HAVE_STRING_H 1
| #define HAVE_MEMORY_H 1
| #define HAVE_STRINGS_H 1
| #define HAVE_INTTYPES_H 1
| #define HAVE_STDINT_H 1
| #define HAVE_UNISTD_H 1
| #define HAVE_LIMITS_H 1
| #define HAVE_SYS_TYPES_H 1
| #define HAVE_SYS_STAT_H 1
| #define HAVE_DIRENT_H 1
| /* end confdefs.h.  */
| #include <stdio.h>
| #ifdef HAVE_SYS_TYPES_H
| # include <sys/types.h>
| #endif
| #ifdef HAVE_SYS_STAT_H
| # include <sys/stat.h>
| #endif
| #ifdef STDC_HEADERS
| # include <stdlib.h>
| # include <stddef.h>
| #else
| # ifdef HAVE_STDLIB_H
| #  include <stdlib.h>
| # endif
| #endif
| #ifdef HAVE_STRING_H
| # if !defined STDC_HEADERS && defined HAVE_MEMORY_H
| #  include <memory.h>
| # endif
| # include <string.h>
| #endif
| #ifdef HAVE_STRINGS_H
| # include <strings.h>
| #endif
| #ifdef HAVE_INTTYPES_H
| # include <inttypes.h>
| #endif
| #ifdef HAVE_STDINT_H
| # include <stdint.h>
| #endif
| #ifdef HAVE_UNISTD_H
| # include <unistd.h>
| #endif
| int
| main ()
| {
| if (sizeof ((long long)))
| 	    return 0;
|   ;
|   return 0;
| }
configure:4571: result: yes
configure:4583: checking for unsigned long long
configure:4583: gcc -c -O2  conftest.c >&5
configure:4583: $? = 0
configure:4583: gcc -c -O2  conftest.c >&5
conftest.c:62:33: error: expected expression
if (sizeof ((unsigned long long)))
                                ^
1 error generated.
configure:4583: $? = 1
configure: failed program was:
| /* confdefs.h */
| #define PACKAGE_NAME "PCRE"
| #define PACKAGE_TARNAME "pcre"
| #define PACKAGE_VERSION "7.6"
| #define PACKAGE_STRING "PCRE 7.6"
| #define PACKAGE_BUGREPORT ""
| #define PACKAGE_URL ""
| #define PACKAGE "pcre"
| #define VERSION "7.6"
| #define STDC_HEADERS 1
| #define HAVE_SYS_TYPES_H 1
| #define HAVE_SYS_STAT_H 1
| #define HAVE_STDLIB_H 1
| #define HAVE_STRING_H 1
| #define HAVE_MEMORY_H 1
| #define HAVE_STRINGS_H 1
| #define HAVE_INTTYPES_H 1
| #define HAVE_STDINT_H 1
| #define HAVE_UNISTD_H 1
| #define HAVE_LIMITS_H 1
| #define HAVE_SYS_TYPES_H 1
| #define HAVE_SYS_STAT_H 1
| #define HAVE_DIRENT_H 1
| #define HAVE_LONG_LONG 1
| /* end confdefs.h.  */
| #include <stdio.h>
| #ifdef HAVE_SYS_TYPES_H
| # include <sys/types.h>
| #endif
| #ifdef HAVE_SYS_STAT_H
| # include <sys/stat.h>
| #endif
| #ifdef STDC_HEADERS
| # include <stdlib.h>
| # include <stddef.h>
| #else
| # ifdef HAVE_STDLIB_H
| #  include <stdlib.h>
| # endif
| #endif
| #ifdef HAVE_STRING_H
| # if !defined STDC_HEADERS && defined HAVE_MEMORY_H
| #  include <memory.h>
| # endif
| # include <string.h>
| #endif
| #ifdef HAVE_STRINGS_H
| # include <strings.h>
| #endif
| #ifdef HAVE_INTTYPES_H
| # include <inttypes.h>
| #endif
| #ifdef HAVE_STDINT_H
| # include <stdint.h>
| #endif
| #ifdef HAVE_UNISTD_H
| # include <unistd.h>
| #endif
| int
| main ()
| {
| if (sizeof ((unsigned long long)))
| 	    return 0;
|   ;
|   return 0;
| }
configure:4583: result: yes
configure:4603: checking for bcopy
configure:4603: gcc -o conftest -O2   conftest.c  >&5
configure:4603: $? = 0
configure:4603: result: yes
configure:4603: checking for memmove
configure:4603: gcc -o conftest -O2   conftest.c  >&5
conftest.c:51:6: warning: incompatible redeclaration of library function 'memmove' [-Wincompatible-library-redeclaration]
char memmove ();
     ^
conftest.c:51:6: note: 'memmove' is a builtin with type 'void *(void *, const void *, unsigned long)'
1 warning generated.
configure:4603: $? = 0
configure:4603: result: yes
configure:4603: checking for strerror
configure:4603: gcc -o conftest -O2   conftest.c  >&5
conftest.c:52:6: warning: incompatible redeclaration of library function 'strerror' [-Wincompatible-library-redeclaration]
char strerror ();
     ^
conftest.c:52:6: note: 'strerror' is a builtin with type 'char *(int)'
1 warning generated.
configure:4603: $? = 0
configure:4603: result: yes
configure:4603: checking for strtoq
configure:4603: gcc -o conftest -O2   conftest.c  >&5
configure:4603: $? = 0
configure:4603: result: yes
configure:4603: checking for strtoll
configure:4603: gcc -o conftest -O2   conftest.c  >&5
configure:4603: $? = 0
configure:4603: result: yes
configure:4603: checking for _strtoi64
configure:4603: gcc -o conftest -O2   conftest.c  >&5
Undefined symbols for architecture x86_64:
  "__strtoi64", referenced from:
      _main in conftest-4b96f7.o
ld: symbol(s) not found for architecture x86_64
clang: error: linker command failed with exit code 1 (use -v to see invocation)
configure:4603: $? = 1
configure: failed program was:
| /* confdefs.h */
| #define PACKAGE_NAME "PCRE"
| #define PACKAGE_TARNAME "pcre"
| #define PACKAGE_VERSION "7.6"
| #define PACKAGE_STRING "PCRE 7.6"
| #define PACKAGE_BUGREPORT ""
| #define PACKAGE_URL ""
| #define PACKAGE "pcre"
| #define VERSION "7.6"
| #define STDC_HEADERS 1
| #define HAVE_SYS_TYPES_H 1
| #define HAVE_SYS_STAT_H 1
| #define HAVE_STDLIB_H 1
| #define HAVE_STRING_H 1
| #define HAVE_MEMORY_H 1
| #define HAVE_STRINGS_H 1
| #define HAVE_INTTYPES_H 1
| #define HAVE_STDINT_H 1
| #define HAVE_UNISTD_H 1
| #define HAVE_LIMITS_H 1
| #define HAVE_SYS_TYPES_H 1
| #define HAVE_SYS_STAT_H 1
| #define HAVE_DIRENT_H 1
| #define HAVE_LONG_LONG 1
| #define HAVE_UNSIGNED_LONG_LONG 1
| #define HAVE_BCOPY 1
| #define HAVE_MEMMOVE 1
| #define HAVE_STRERROR 1
| #define HAVE_STRTOQ 1
| #define HAVE_STRTOLL 1
| /* end confdefs.h.  */
| /* Define _strtoi64 to an innocuous variant, in case <limits.h> declares _strtoi64.
|    For example, HP-UX 11i <limits.h> declares gettimeofday.  */
| #define _strtoi64 innocuous__strtoi64
| 
| /* System header to define __stub macros and hopefully few prototypes,
|     which can conflict with char _strtoi64 (); below.
|     Prefer <limits.h> to <assert.h> if __STDC__ is defined, since
|     <limits.h> exists even on freestanding compilers.  */
| 
| #ifdef __STDC__
| # include <limits.h>
| #else
| # include <assert.h>
| #endif
| 
| #undef _strtoi64
| 
| /* Override any GCC internal prototype to avoid an error.
|    Use char because int might match the return type of a GCC
|    builtin and then its argument prototype would still apply.  */
| #ifdef __cplusplus
| extern "C"
| #endif
| char _strtoi64 ();
| /* The GNU C library defines this for functions which it implements
|     to always fail with ENOSYS.  Some functions are actually named
|     something starting with __ and the normal name is an alias.  */
| #if defined __stub__strtoi64 || defined __stub____strtoi64
| choke me
| #endif
| 
| int
| main ()
| {
| return _strtoi64 ();
|   ;
|   return 0;
| }
configure:4603: result: no
configure:4617: checking zlib.h usability
configure:4617: gcc -c -O2  conftest.c >&5
configure:4617: $? = 0
configure:4617: result: yes
configure:4617: checking zlib.h presence
configure:4617: gcc -E  conftest.c
configure:4617: $? = 0
configure:4617: result: yes
configure:4617: checking for zlib.h
configure:4617: result: yes
configure:4627: checking for gzopen in -lz
configure:4652: gcc -o conftest -O2   conftest.c -lz   >&5
configure:4652: $? = 0
configure:4661: result: yes
configure:4672: checking bzlib.h usability
configure:4672: gcc -c -O2  conftest.c >&5
configure:4672: $? = 0
configure:4672: result: yes
configure:4672: checking bzlib.h presence
configure:4672: gcc -E  conftest.c
configure:4672: $? = 0
configure:4672: result: yes
configure:4672: checking for bzlib.h
configure:4672: result: yes
configure:4682: checking for BZ2_bzopen in -lbz2
configure:4707: gcc -o conftest -O2   conftest.c -lbz2   >&5
configure:4707: $? = 0
configure:4716: result: yes
configure:4727: checking readline/readline.h usability
configure:4727: gcc -c -O2  conftest.c >&5
configure:4727: $? = 0
configure:4727: result: yes
configure:4727: checking readline/readline.h presence
configure:4727: gcc -E  conftest.c
configure:4727: $? = 0
configure:4727: result: yes
configure:4727: checking for readline/readline.h
configure:4727: result: yes
configure:4739: checking readline/history.h usability
configure:4739: gcc -c -O2  conftest.c >&5
configure:4739: $? = 0
configure:4739: result: yes
configure:4739: checking readline/history.h presence
configure:4739: gcc -E  conftest.c
configure:4739: $? = 0
configure:4739: result: yes
configure:4739: checking for readline/history.h
configure:4739: result: yes
configure:4749: checking for readline in -lreadline
configure:4774: gcc -o conftest -O2   conftest.c -lreadline   >&5
configure:4774: $? = 0
configure:4783: result: yes
configure:4893: checking build system type
configure:4907: result: x86_64-apple-darwin15.0.0
configure:4927: checking host system type
configure:4940: result: x86_64-apple-darwin15.0.0
configure:5155: creating ./config.status

## ---------------- ##
## Cache variables. ##
## ---------------- ##

ac_cv_build=x86_64-apple-darwin15.0.0
ac_cv_c_compiler_gnu=yes
ac_cv_c_const=yes
ac_cv_env_CC_set=
ac_cv_env_CC_value=
ac_cv_env_CFLAGS_set=set
ac_cv_env_CFLAGS_value=-O2
ac_cv_env_CPPFLAGS_set=
ac_cv_env_CPPFLAGS_value=
ac_cv_env_CPP_set=
ac_cv_env_CPP_value=
ac_cv_env_LDFLAGS_set=
ac_cv_env_LDFLAGS_value=
ac_cv_env_LIBS_set=
ac_cv_env_LIBS_value=
ac_cv_env_build_alias_set=
ac_cv_env_build_alias_value=
ac_cv_env_host_alias_set=
ac_cv_env_host_alias_value=
ac_cv_env_target_alias_set=
ac_cv_env_target_alias_value=
ac_cv_func__strtoi64=no
ac_cv_func_bcopy=yes
ac_cv_func_memmove=yes
ac_cv_func_strerror=yes
ac_cv_func_strtoll=yes
ac_cv_func_strtoq=yes
ac_cv_header_bzlib_h=yes
ac_cv_header_dirent_h=yes
ac_cv_header_inttypes_h=yes
ac_cv_header_limits_h=yes
ac_cv_header_memory_h=yes
ac_cv_header_readline_history_h=yes
ac_cv_header_readline_readline_h=yes
ac_cv_header_stdc=yes
ac_cv_header_stdint_h=yes
ac_cv_header_stdlib_h=yes
ac_cv_header_string_h=yes
ac_cv_header_strings_h=yes
ac_cv_header_sys_stat_h=yes
ac_cv_header_sys_types_h=yes
ac_cv_header_unistd_h=yes
ac_cv_header_windows_h=no
ac_cv_header_zlib_h=yes
ac_cv_host=x86_64-apple-darwin15.0.0
ac_cv_lib_bz2_BZ2_bzopen=yes
ac_cv_lib_readline_readline=yes
ac_cv_lib_z_gzopen=yes
ac_cv_objext=o
ac_cv_path_EGREP='/usr/bin/grep -E'
ac_cv_path_GREP=/usr/bin/grep
ac_cv_path_install='/usr/bin/install -c'
ac_cv_prog_AWK=awk
ac_cv_prog_CPP='gcc -E'
ac_cv_prog_ac_ct_CC=gcc
ac_cv_prog_ac_ct_RANLIB=ranlib
ac_cv_prog_cc_c89=
ac_cv_prog_cc_g=yes
ac_cv_prog_make_make_set=yes
ac_cv_type_long_long=yes
ac_cv_type_size_t=yes
ac_cv_type_unsigned_long_long=yes
am_cv_CC_dependencies_compiler_type=gcc3

## ----------------- ##
## Output variables. ##
## ----------------- ##

ACLOCAL='${SHELL} /Users/araleii/src/nmap/nmap-7.01/missing --run aclocal-1.10'
AMDEPBACKSLASH='\'
AMDEP_FALSE='#'
AMDEP_TRUE=''
AMTAR='${SHELL} /Users/araleii/src/nmap/nmap-7.01/missing --run tar'
AUTOCONF='${SHELL} /Users/araleii/src/nmap/nmap-7.01/missing --run autoconf'
AUTOHEADER='${SHELL} /Users/araleii/src/nmap/nmap-7.01/missing --run autoheader'
AUTOMAKE='${SHELL} /Users/araleii/src/nmap/nmap-7.01/missing --run automake-1.10'
AWK='awk'
CC='gcc'
CCDEPMODE='depmode=gcc3'
CFLAGS='-O2'
CPP='gcc -E'
CPPFLAGS=''
CYGPATH_W='echo'
DEFS='-DHAVE_CONFIG_H'
DEPDIR='.deps'
ECHO_C='\c'
ECHO_N=''
ECHO_T=''
EGREP='/usr/bin/grep -E'
EXEEXT=''
EXTRA_LIBPCRE_LDFLAGS=' -version-info libpcre_version'
GREP='/usr/bin/grep'
INSTALL_DATA='${INSTALL} -m 644'
INSTALL_PROGRAM='${INSTALL}'
INSTALL_SCRIPT='${INSTALL}'
INSTALL_STRIP_PROGRAM='$(install_sh) -c -s'
LDFLAGS=''
LIBOBJS=''
LIBS=''
LN_S='ln -s'
LTLIBOBJS=''
MAKEINFO='${SHELL} /Users/araleii/src/nmap/nmap-7.01/missing --run makeinfo'
MKDIR_P='./../shtool install -c -d'
OBJEXT='o'
PACKAGE='pcre'
PACKAGE_BUGREPORT=''
PACKAGE_NAME='PCRE'
PACKAGE_STRING='PCRE 7.6'
PACKAGE_TARNAME='pcre'
PACKAGE_URL=''
PACKAGE_VERSION='7.6'
PATH_SEPARATOR=':'
PCRE_DATE='2008-01-28'
PCRE_MAJOR='7'
PCRE_MINOR='6'
PCRE_PRERELEASE=''
RANLIB='ranlib'
SET_MAKE=''
SHELL='/bin/sh'
STRIP=''
VERSION='7.6'
WITH_REBUILD_CHARTABLES_FALSE=''
WITH_REBUILD_CHARTABLES_TRUE='#'
ac_ct_CC='gcc'
am__fastdepCC_FALSE='#'
am__fastdepCC_TRUE=''
am__include='include'
am__isrc=''
am__leading_dot='.'
am__quote=''
am__tar='${AMTAR} chof - "$$tardir"'
am__untar='${AMTAR} xf -'
bindir='${exec_prefix}/bin'
build='x86_64-apple-darwin15.0.0'
build_alias=''
build_cpu='x86_64'
build_os='darwin15.0.0'
build_vendor='apple'
datadir='${datarootdir}'
datarootdir='${prefix}/share'
docdir='${datarootdir}/doc/${PACKAGE_TARNAME}'
dvidir='${docdir}'
exec_prefix='${prefix}'
host='x86_64-apple-darwin15.0.0'
host_alias=''
host_cpu='x86_64'
host_os='darwin15.0.0'
host_vendor='apple'
htmldir='${docdir}/html'
includedir='${prefix}/include'
infodir='${datarootdir}/info'
install_sh='$(SHELL) /Users/araleii/src/nmap/nmap-7.01/install-sh'
libdir='${exec_prefix}/lib'
libexecdir='${exec_prefix}/libexec'
localedir='${datarootdir}/locale'
localstatedir='${prefix}/var'
mandir='${datarootdir}/man'
mkdir_p='$(top_builddir)/./../shtool install -c -d'
oldincludedir='/usr/include'
pcre_have_bits_type_traits=''
pcre_have_long_long='1'
pcre_have_type_traits=''
pcre_have_ulong_long='1'
pdfdir='${docdir}'
prefix='/usr/local'
program_transform_name='s,x,x,'
psdir='${docdir}'
sbindir='${exec_prefix}/sbin'
sharedstatedir='${prefix}/com'
sysconfdir='${prefix}/etc'
target_alias=''

## ----------- ##
## confdefs.h. ##
## ----------- ##

/* confdefs.h */
#define PACKAGE_NAME "PCRE"
#define PACKAGE_TARNAME "pcre"
#define PACKAGE_VERSION "7.6"
#define PACKAGE_STRING "PCRE 7.6"
#define PACKAGE_BUGREPORT ""
#define PACKAGE_URL ""
#define PACKAGE "pcre"
#define VERSION "7.6"
#define STDC_HEADERS 1
#define HAVE_SYS_TYPES_H 1
#define HAVE_SYS_STAT_H 1
#define HAVE_STDLIB_H 1
#define HAVE_STRING_H 1
#define HAVE_MEMORY_H 1
#define HAVE_STRINGS_H 1
#define HAVE_INTTYPES_H 1
#define HAVE_STDINT_H 1
#define HAVE_UNISTD_H 1
#define HAVE_LIMITS_H 1
#define HAVE_SYS_TYPES_H 1
#define HAVE_SYS_STAT_H 1
#define HAVE_DIRENT_H 1
#define HAVE_LONG_LONG 1
#define HAVE_UNSIGNED_LONG_LONG 1
#define HAVE_BCOPY 1
#define HAVE_MEMMOVE 1
#define HAVE_STRERROR 1
#define HAVE_STRTOQ 1
#define HAVE_STRTOLL 1
#define HAVE_ZLIB_H 1
#define HAVE_BZLIB_H 1
#define HAVE_READLINE_READLINE_H 1
#define HAVE_READLINE_HISTORY_H 1
#define PCRE_STATIC 1
#define NEWLINE 10
#define LINK_SIZE 2
#define POSIX_MALLOC_THRESHOLD 10
#define MATCH_LIMIT 10000000
#define MATCH_LIMIT_RECURSION MATCH_LIMIT
#define MAX_NAME_SIZE 32
#define MAX_NAME_COUNT 10000

configure: exit 0

## ---------------------- ##
## Running config.status. ##
## ---------------------- ##

This file was extended by PCRE config.status 7.6, which was
generated by GNU Autoconf 2.69.  Invocation command line was

  CONFIG_FILES    = 
  CONFIG_HEADERS  = 
  CONFIG_LINKS    = 
  CONFIG_COMMANDS = 
  $ ./config.status 

on wuleideMacBook-Pro.local

config.status:891: creating Makefile
config.status:891: creating pcre-config
config.status:891: creating config.h
config.status:1072: config.h is unchanged
config.status:1120: executing depfiles commands
config.status:1120: executing script-chmod commands

## ---------------------- ##
## Running config.status. ##
## ---------------------- ##

This file was extended by PCRE config.status 7.6, which was
generated by GNU Autoconf 2.69.  Invocation command line was

  CONFIG_FILES    = 
  CONFIG_HEADERS  = 
  CONFIG_LINKS    = 
  CONFIG_COMMANDS = 
  $ ./config.status config.h

on wuleideMacBook-Pro.local

config.status:891: creating config.h
config.status:1072: config.h is unchanged
